<?xml version="1.0" encoding="UTF-8"?>
<!-- Generated by org.testng.reporters.JUnitReportReporter -->
<testsuite hostname="sakthivel-PC" name="jenTest.SoftitBoardsSubProducts" tests="13" failures="0" timestamp="4 May 2016 10:53:13 GMT" time="1347.693" errors="1">
  <testcase name="MahoganySoftitProducts" time="146.456" classname="jenTest.SoftitBoardsSubProducts"/>
  <testcase name="GoldenOakWoodgrainSoftitProducts" time="137.720" classname="jenTest.SoftitBoardsSubProducts"/>
  <testcase name="ChartwellGreenSoftitProducts" time="49.434" classname="jenTest.SoftitBoardsSubProducts"/>
  <testcase name="ventingProducts" time="74.106" classname="jenTest.SoftitBoardsSubProducts"/>
  <testcase name="SolidBrownColourSoftitProducts" time="27.624" classname="jenTest.SoftitBoardsSubProducts"/>
  <testcase name="SolidCreamColourSoftitProducts" time="42.940" classname="jenTest.SoftitBoardsSubProducts"/>
  <testcase name="IrishOakSoftitProducts" time="80.914" classname="jenTest.SoftitBoardsSubProducts"/>
  <testcase name="CreamwoodGrainProducts" time="53.810" classname="jenTest.SoftitBoardsSubProducts"/>
  <testcase name="RoseWoodgrainSoftitProducts" time="158.273" classname="jenTest.SoftitBoardsSubProducts"/>
  <testcase name="SolidBlackColourSoftitProducts" time="31.189" classname="jenTest.SoftitBoardsSubProducts"/>
  <testcase name="BlackwoodGrainSoftitProducts" time="79.124" classname="jenTest.SoftitBoardsSubProducts">
    <error type="org.openqa.selenium.WebDriverException" message="Element is not clickable at point (396.76666259765625, 508). Other element would receive the click: &lt;img src=&quot;http://dev.angelplastics.co.uk/application/images/Product_category/1375390662_IMG_0858-web.jpg&quot; title=&quot;9mm Black Vented Soffits&quot; alt=&quot;black upvc vented soffit board&quot; class=&quot;tr_all_long_hover&quot; height=&quot;112px;&quot; width=&quot;150px;&quot;&gt;
Command duration or timeout: 83 milliseconds
Build info: version: &#039;2.53.0&#039;, revision: &#039;35ae25b&#039;, time: &#039;2016-03-15 17:00:58&#039;
System info: host: &#039;sakthivel-PC&#039;, ip: &#039;172.16.11.74&#039;, os.name: &#039;Windows 7&#039;, os.arch: &#039;amd64&#039;, os.version: &#039;6.1&#039;, java.version: &#039;1.8.0_65&#039;
Driver info: org.openqa.selenium.firefox.FirefoxDriver
Capabilities [{applicationCacheEnabled=true, rotatable=false, handlesAlerts=true, databaseEnabled=true, version=46.0, platform=WINDOWS, nativeEvents=false, acceptSslCerts=true, webStorageEnabled=true, locationContextEnabled=true, browserName=firefox, takesScreenshot=true, javascriptEnabled=true, cssSelectorsEnabled=true}]
Session ID: 46326605-da76-440b-ae97-0b646be7a567">
      <![CDATA[org.openqa.selenium.WebDriverException: Element is not clickable at point (396.76666259765625, 508). Other element would receive the click: <img src="http://dev.angelplastics.co.uk/application/images/Product_category/1375390662_IMG_0858-web.jpg" title="9mm Black Vented Soffits" alt="black upvc vented soffit board" class="tr_all_long_hover" height="112px;" width="150px;">
Command duration or timeout: 83 milliseconds
Build info: version: '2.53.0', revision: '35ae25b', time: '2016-03-15 17:00:58'
System info: host: 'sakthivel-PC', ip: '172.16.11.74', os.name: 'Windows 7', os.arch: 'amd64', os.version: '6.1', java.version: '1.8.0_65'
Driver info: org.openqa.selenium.firefox.FirefoxDriver
Capabilities [{applicationCacheEnabled=true, rotatable=false, handlesAlerts=true, databaseEnabled=true, version=46.0, platform=WINDOWS, nativeEvents=false, acceptSslCerts=true, webStorageEnabled=true, locationContextEnabled=true, browserName=firefox, takesScreenshot=true, javascriptEnabled=true, cssSelectorsEnabled=true}]
Session ID: 46326605-da76-440b-ae97-0b646be7a567
	at sun.reflect.NativeConstructorAccessorImpl.newInstance0(Native Method)
	at sun.reflect.NativeConstructorAccessorImpl.newInstance(NativeConstructorAccessorImpl.java:62)
	at sun.reflect.DelegatingConstructorAccessorImpl.newInstance(DelegatingConstructorAccessorImpl.java:45)
	at java.lang.reflect.Constructor.newInstance(Constructor.java:422)
	at org.openqa.selenium.remote.ErrorHandler.createThrowable(ErrorHandler.java:206)
	at org.openqa.selenium.remote.ErrorHandler.throwIfResponseFailed(ErrorHandler.java:158)
	at org.openqa.selenium.remote.RemoteWebDriver.execute(RemoteWebDriver.java:678)
	at org.openqa.selenium.remote.RemoteWebElement.execute(RemoteWebElement.java:327)
	at org.openqa.selenium.remote.RemoteWebElement.click(RemoteWebElement.java:85)
	at jenTest.SoftitBoardsSubProducts.BlackwoodGrainSoftitProducts(SoftitBoardsSubProducts.java:135)
	at sun.reflect.NativeMethodAccessorImpl.invoke0(Native Method)
	at sun.reflect.NativeMethodAccessorImpl.invoke(NativeMethodAccessorImpl.java:62)
	at sun.reflect.DelegatingMethodAccessorImpl.invoke(DelegatingMethodAccessorImpl.java:43)
	at java.lang.reflect.Method.invoke(Method.java:497)
	at org.testng.internal.MethodInvocationHelper.invokeMethod(MethodInvocationHelper.java:85)
	at org.testng.internal.Invoker.invokeMethod(Invoker.java:639)
	at org.testng.internal.Invoker.invokeTestMethod(Invoker.java:816)
	at org.testng.internal.Invoker.invokeTestMethods(Invoker.java:1124)
	at org.testng.internal.TestMethodWorker.invokeTestMethods(TestMethodWorker.java:125)
	at org.testng.internal.TestMethodWorker.run(TestMethodWorker.java:108)
	at org.testng.TestRunner.privateRun(TestRunner.java:774)
	at org.testng.TestRunner.run(TestRunner.java:624)
	at org.testng.SuiteRunner.runTest(SuiteRunner.java:359)
	at org.testng.SuiteRunner.runSequentially(SuiteRunner.java:354)
	at org.testng.SuiteRunner.privateRun(SuiteRunner.java:312)
	at org.testng.SuiteRunner.run(SuiteRunner.java:261)
	at org.testng.SuiteRunnerWorker.runSuite(SuiteRunnerWorker.java:52)
	at org.testng.SuiteRunnerWorker.run(SuiteRunnerWorker.java:86)
	at org.testng.TestNG.runSuitesSequentially(TestNG.java:1215)
	at org.testng.TestNG.runSuitesLocally(TestNG.java:1140)
	at org.testng.TestNG.run(TestNG.java:1048)
	at org.testng.TestNG.privateMain(TestNG.java:1355)
	at org.testng.TestNG.main(TestNG.java:1324)
]]>
    </error>
  </testcase> <!-- BlackwoodGrainSoftitProducts -->
  <testcase name="WhiteSoftitProducts" time="246.828" classname="jenTest.SoftitBoardsSubProducts"/>
  <testcase name="GreySoftitProducts" time="219.275" classname="jenTest.SoftitBoardsSubProducts"/>
</testsuite> <!-- jenTest.SoftitBoardsSubProducts -->
