<?xml version="1.0" encoding="UTF-8"?>
<!-- Generated by org.testng.reporters.JUnitReportReporter -->
<testsuite hostname="sakthivel-PC" name="jenTest.GroundGuardLawnPavingTile" tests="1" failures="0" timestamp="9 May 2016 11:28:01 GMT" time="14.347" errors="0">
  <testcase name="GroundGuardLawnPavingTileProducts" time="14.347" classname="jenTest.GroundGuardLawnPavingTile"/>
</testsuite> <!-- jenTest.GroundGuardLawnPavingTile -->
