<?xml version="1.0" encoding="UTF-8"?>
<!-- Generated by org.testng.reporters.JUnitReportReporter -->
<testsuite hostname="sakthivel-PC" name="jenTest.HotandColdPlumbingSubproducts" tests="1" failures="0" timestamp="9 May 2016 10:43:57 GMT" time="243.278" errors="0">
  <testcase name="PolyplumpPushFitProduct" time="243.278" classname="jenTest.HotandColdPlumbingSubproducts"/>
</testsuite> <!-- jenTest.HotandColdPlumbingSubproducts -->
