<?xml version="1.0" encoding="UTF-8"?>
<!-- Generated by org.testng.reporters.JUnitReportReporter -->
<testsuite hostname="sakthivel-PC" name="jenTest.Cladding" tests="1" failures="0" timestamp="2 Apr 2016 08:41:02 GMT" time="214.137" errors="0">
  <testcase name="VgrooveEmbossedcladdingProducts" time="214.137" classname="jenTest.Cladding"/>
</testsuite> <!-- jenTest.Cladding -->
