<?xml version="1.0" encoding="UTF-8"?>
<!-- Generated by org.testng.reporters.JUnitReportReporter -->
<testsuite hostname="sakthivel-PC" name="jenTest.DownpipesHoppersAluminiumSubProducts" tests="1" failures="0" timestamp="6 May 2016 10:50:49 GMT" time="149.054" errors="0">
  <testcase name="CastAluminiumHoppersProducts" time="149.054" classname="jenTest.DownpipesHoppersAluminiumSubProducts"/>
</testsuite> <!-- jenTest.DownpipesHoppersAluminiumSubProducts -->
