<?xml version="1.0" encoding="UTF-8"?>
<!-- Generated by org.testng.reporters.JUnitReportReporter -->
<testsuite hostname="sakthivel-PC" name="jenTest.SoilAndVentSubproducts" tests="11" failures="0" timestamp="9 May 2016 09:41:53 GMT" time="2851.742" errors="0">
  <testcase name="SolventWeldGreySoilProducts" time="372.882" classname="jenTest.SoilAndVentSubproducts"/>
  <testcase name="SoilAccessoriesProductPage" time="142.760" classname="jenTest.SoilAndVentSubproducts"/>
  <testcase name="PushfitRingsealBlackSoilProductpage" time="352.168" classname="jenTest.SoilAndVentSubproducts"/>
  <testcase name="MMgreySoilProductpage" time="284.109" classname="jenTest.SoilAndVentSubproducts"/>
  <testcase name="SolventWeldBlackSoilProducts" time="380.457" classname="jenTest.SoilAndVentSubproducts"/>
  <testcase name="PushfitRingsealGreySoilProductPage" time="363.436" classname="jenTest.SoilAndVentSubproducts"/>
  <testcase name="FloplastSoilProductpage" time="107.978" classname="jenTest.SoilAndVentSubproducts"/>
  <testcase name="ReplicaCastIronSoilProductpage" time="121.921" classname="jenTest.SoilAndVentSubproducts"/>
  <testcase name="MMPolypipeSoilProductpage" time="299.685" classname="jenTest.SoilAndVentSubproducts"/>
  <testcase name="MMSoilAccessoriesProductpage" time="73.733" classname="jenTest.SoilAndVentSubproducts"/>
  <testcase name="PushfitRingsealbrownSoilProductPage" time="352.613" classname="jenTest.SoilAndVentSubproducts"/>
</testsuite> <!-- jenTest.SoilAndVentSubproducts -->
