<?xml version="1.0" encoding="UTF-8"?>
<!-- Generated by org.testng.reporters.JUnitReportReporter -->
<testsuite hostname="sakthivel-PC" name="jenTest.GutteringCastAluminium" tests="5" failures="0" timestamp="30 Mar 2016 08:55:44 GMT" time="1154.093" errors="0">
  <testcase name="CastAluminiumGuttersProducts" time="290.665" classname="jenTest.GutteringCastAluminium"/>
  <testcase name="VictorianOgeeCastAluminiumProducts" time="224.818" classname="jenTest.GutteringCastAluminium"/>
  <testcase name="BeadedHalfRoundCastAluminiumProducts" time="188.092" classname="jenTest.GutteringCastAluminium"/>
  <testcase name="BeadedDeepFlowCastAluminiumProducts" time="77.823" classname="jenTest.GutteringCastAluminium"/>
  <testcase name="MouldedNo46OgeeCastAluminiumProducts" time="372.695" classname="jenTest.GutteringCastAluminium"/>
</testsuite> <!-- jenTest.GutteringCastAluminium -->
