<?xml version="1.0" encoding="UTF-8"?>
<!-- Generated by org.testng.reporters.JUnitReportReporter -->
<testsuite hostname="sakthivel-PC" name="jenTest.DecorativeSubproducts" tests="1" failures="0" timestamp="6 May 2016 10:59:34 GMT" time="261.813" errors="0">
  <testcase name="DecorativeINTEXTsubProduct" time="261.813" classname="jenTest.DecorativeSubproducts"/>
</testsuite> <!-- jenTest.DecorativeSubproducts -->
