<?xml version="1.0" encoding="UTF-8"?>
<!-- Generated by org.testng.reporters.JUnitReportReporter -->
<testsuite hostname="sakthivel-PC" name="jenTest.ToolsSubProducts" tests="1" failures="0" timestamp="3 May 2016 12:23:04 GMT" time="416.719" errors="0">
  <testcase name="ToolsProductPage" time="416.719" classname="jenTest.ToolsSubProducts"/>
</testsuite> <!-- jenTest.ToolsSubProducts -->
