<?xml version="1.0" encoding="UTF-8"?>
<!-- Generated by org.testng.reporters.JUnitReportReporter -->
<testsuite hostname="sakthivel-PC" name="jenTest.DecorativeSubproducts" tests="1" failures="0" timestamp="8 Apr 2016 08:42:01 GMT" time="199.327" errors="0">
  <testcase name="DecorativeINTEXTsubProduct" time="199.327" classname="jenTest.DecorativeSubproducts"/>
</testsuite> <!-- jenTest.DecorativeSubproducts -->
