<?xml version="1.0" encoding="UTF-8"?>
<!-- Generated by org.testng.reporters.JUnitReportReporter -->
<testsuite hostname="sakthivel-PC" name="jenTest.HotandColdPlumbingSubproducts" tests="1" failures="0" timestamp="1 Apr 2016 07:15:42 GMT" time="190.545" errors="0">
  <testcase name="PolyplumpPushFitProduct" time="190.545" classname="jenTest.HotandColdPlumbingSubproducts"/>
</testsuite> <!-- jenTest.HotandColdPlumbingSubproducts -->
