<?xml version="1.0" encoding="UTF-8"?>
<!-- Generated by org.testng.reporters.JUnitReportReporter -->
<testsuite hostname="sakthivel-PC" name="jenTest.GutteringImitaionCastIron" tests="5" failures="0" timestamp="5 May 2016 09:40:54 GMT" time="627.967" errors="0">
  <testcase name="DeepCapacityRoundbyBrettMartinProducts" time="63.213" classname="jenTest.GutteringImitaionCastIron"/>
  <testcase name="MouldedOgeeGutterbyBrettMartinProducts" time="97.032" classname="jenTest.GutteringImitaionCastIron"/>
  <testcase name="IndustrialHalfRoundbyBrettMartinProducts" time="60.832" classname="jenTest.GutteringImitaionCastIron"/>
  <testcase name="EleganceCastIronSystembyPolypipeProducts" time="327.276" classname="jenTest.GutteringImitaionCastIron"/>
  <testcase name="StandardHalfRoundProducts" time="79.614" classname="jenTest.GutteringImitaionCastIron"/>
</testsuite> <!-- jenTest.GutteringImitaionCastIron -->
