<?xml version="1.0" encoding="UTF-8"?>
<!-- Generated by org.testng.reporters.JUnitReportReporter -->
<testsuite hostname="sakthivel-PC" name="jenTest.SoilAndVentSubproducts" tests="1" failures="0" timestamp="11 Apr 2016 08:18:31 GMT" time="288.857" errors="0">
  <testcase name="PushfitRingsealbrownSoilProductPage" time="288.857" classname="jenTest.SoilAndVentSubproducts"/>
</testsuite> <!-- jenTest.SoilAndVentSubproducts -->
