<?xml version="1.0" encoding="UTF-8"?>
<!-- Generated by org.testng.reporters.JUnitReportReporter -->
<testsuite hostname="sakthivel-PC" name="jenTest.SoftitBoardsSubProducts" tests="13" failures="0" timestamp="12 Apr 2016 12:13:25 GMT" time="1066.222" errors="0">
  <testcase name="GreySoftitProducts" time="144.261" classname="jenTest.SoftitBoardsSubProducts"/>
  <testcase name="RoseWoodgrainSoftitProducts" time="106.726" classname="jenTest.SoftitBoardsSubProducts"/>
  <testcase name="ventingProducts" time="59.064" classname="jenTest.SoftitBoardsSubProducts"/>
  <testcase name="WhiteSoftitProducts" time="171.104" classname="jenTest.SoftitBoardsSubProducts"/>
  <testcase name="BlackwoodGrainSoftitProducts" time="104.932" classname="jenTest.SoftitBoardsSubProducts"/>
  <testcase name="CreamwoodGrainProducts" time="47.593" classname="jenTest.SoftitBoardsSubProducts"/>
  <testcase name="MahoganySoftitProducts" time="154.916" classname="jenTest.SoftitBoardsSubProducts"/>
  <testcase name="IrishOakSoftitProducts" time="61.353" classname="jenTest.SoftitBoardsSubProducts"/>
  <testcase name="SolidBlackColourSoftitProducts" time="22.738" classname="jenTest.SoftitBoardsSubProducts"/>
  <testcase name="ChartwellGreenSoftitProducts" time="38.287" classname="jenTest.SoftitBoardsSubProducts"/>
  <testcase name="SolidBrownColourSoftitProducts" time="23.327" classname="jenTest.SoftitBoardsSubProducts"/>
  <testcase name="GoldenOakWoodgrainSoftitProducts" time="103.334" classname="jenTest.SoftitBoardsSubProducts"/>
  <testcase name="SolidCreamColourSoftitProducts" time="28.587" classname="jenTest.SoftitBoardsSubProducts"/>
</testsuite> <!-- jenTest.SoftitBoardsSubProducts -->
