<?xml version="1.0" encoding="UTF-8"?>
<!-- Generated by org.testng.reporters.JUnitReportReporter -->
<testsuite hostname="sakthivel-PC" name="jenTest.DownpipesHoppersImitationSubproducts" tests="1" failures="0" timestamp="6 May 2016 07:32:09 GMT" time="761.753" errors="0">
  <testcase name="StandardHalfRoundProducts" time="761.753" classname="jenTest.DownpipesHoppersImitationSubproducts"/>
</testsuite> <!-- jenTest.DownpipesHoppersImitationSubproducts -->
