<?xml version="1.0" encoding="UTF-8"?>
<!-- Generated by org.testng.reporters.JUnitReportReporter -->
<testsuite hostname="sakthivel-PC" name="jenTest.SoftitBoardsSubProducts" tests="13" failures="0" timestamp="30 Mar 2016 07:46:54 GMT" time="1099.698" errors="0">
  <testcase name="SolidCreamColourSoftitProducts" time="38.586" classname="jenTest.SoftitBoardsSubProducts"/>
  <testcase name="RoseWoodgrainSoftitProducts" time="112.018" classname="jenTest.SoftitBoardsSubProducts"/>
  <testcase name="GreySoftitProducts" time="156.719" classname="jenTest.SoftitBoardsSubProducts"/>
  <testcase name="MahoganySoftitProducts" time="114.183" classname="jenTest.SoftitBoardsSubProducts"/>
  <testcase name="BlackwoodGrainSoftitProducts" time="118.717" classname="jenTest.SoftitBoardsSubProducts"/>
  <testcase name="WhiteSoftitProducts" time="175.789" classname="jenTest.SoftitBoardsSubProducts"/>
  <testcase name="CreamwoodGrainProducts" time="40.169" classname="jenTest.SoftitBoardsSubProducts"/>
  <testcase name="SolidBlackColourSoftitProducts" time="27.168" classname="jenTest.SoftitBoardsSubProducts"/>
  <testcase name="ventingProducts" time="68.179" classname="jenTest.SoftitBoardsSubProducts"/>
  <testcase name="IrishOakSoftitProducts" time="71.414" classname="jenTest.SoftitBoardsSubProducts"/>
  <testcase name="GoldenOakWoodgrainSoftitProducts" time="111.629" classname="jenTest.SoftitBoardsSubProducts"/>
  <testcase name="SolidBrownColourSoftitProducts" time="24.277" classname="jenTest.SoftitBoardsSubProducts"/>
  <testcase name="ChartwellGreenSoftitProducts" time="40.850" classname="jenTest.SoftitBoardsSubProducts"/>
</testsuite> <!-- jenTest.SoftitBoardsSubProducts -->
