<?xml version="1.0" encoding="UTF-8"?>
<!-- Generated by org.testng.reporters.JUnitReportReporter -->
<testsuite hostname="sakthivel-PC" name="jenTest.GutteringGalvanisedSteel" tests="1" failures="0" timestamp="26 Feb 2016 09:50:30 GMT" time="1179.151" errors="0">
  <testcase name="BeadedDeepFlowCastAluminiumProducts" time="1179.151" classname="jenTest.GutteringGalvanisedSteel"/>
</testsuite> <!-- jenTest.GutteringGalvanisedSteel -->
