<?xml version="1.0" encoding="UTF-8"?>
<!-- Generated by org.testng.reporters.JUnitReportReporter -->
<testsuite hostname="sakthivel-PC" name="jenTest.GutteringPlastic" tests="1" failures="0" timestamp="12 May 2016 07:41:24 GMT" time="763.188" errors="0">
  <testcase name="TerrainPremiumRangeProducts" time="763.188" classname="jenTest.GutteringPlastic"/>
</testsuite> <!-- jenTest.GutteringPlastic -->
