<?xml version="1.0" encoding="UTF-8"?>
<!-- Generated by org.testng.reporters.JUnitReportReporter -->
<testsuite hostname="sakthivel-PC" name="jenTest.SiliconesCleanersGlues" tests="2" failures="0" timestamp="2 Mar 2016 10:11:20 GMT" time="144.339" errors="0">
  <testcase name="CleanersProducts" time="88.957" classname="jenTest.SiliconesCleanersGlues"/>
  <testcase name="FoamsAndFillersProducts" time="55.382" classname="jenTest.SiliconesCleanersGlues"/>
</testsuite> <!-- jenTest.SiliconesCleanersGlues -->
