<?xml version="1.0" encoding="UTF-8"?>
<!-- Generated by org.testng.reporters.JUnitReportReporter -->
<testsuite hostname="sakthivel-PC" name="jenTest.InternalCadding" tests="1" failures="0" timestamp="12 Apr 2016 09:07:55 GMT" time="186.887" errors="0">
  <testcase name="NeptuneWallCeilingCladdingProducts" time="186.887" classname="jenTest.InternalCadding"/>
</testsuite> <!-- jenTest.InternalCadding -->
