<?xml version="1.0" encoding="UTF-8"?>
<!-- Generated by org.testng.reporters.JUnitReportReporter -->
<testsuite hostname="sakthivel-PC" name="jenTest.SiliconesCleanersGlues" tests="4" failures="0" timestamp="9 May 2016 09:09:24 GMT" time="230.063" errors="0">
  <testcase name="FoamsAndFillersProducts" time="41.149" classname="jenTest.SiliconesCleanersGlues"/>
  <testcase name="CleanersProducts" time="61.132" classname="jenTest.SiliconesCleanersGlues"/>
  <testcase name="GluesAdhesivesProducts" time="33.748" classname="jenTest.SiliconesCleanersGlues"/>
  <testcase name="SiliconesProducts" time="94.034" classname="jenTest.SiliconesCleanersGlues"/>
</testsuite> <!-- jenTest.SiliconesCleanersGlues -->
