<?xml version="1.0" encoding="UTF-8"?>
<!-- Generated by org.testng.reporters.JUnitReportReporter -->
<testsuite hostname="sakthivel-PC" name="jenTest.RoofingProducts" tests="1" failures="0" timestamp="3 May 2016 13:52:52 GMT" time="259.397" errors="0">
  <testcase name="RoofingProductsPage" time="259.397" classname="jenTest.RoofingProducts"/>
</testsuite> <!-- jenTest.RoofingProducts -->
