<?xml version="1.0" encoding="UTF-8"?>
<!-- Generated by org.testng.reporters.JUnitReportReporter -->
<testsuite hostname="sakthivel-PC" name="jenTest.GutteringCastAluminium" tests="5" failures="0" timestamp="12 Apr 2016 12:13:24 GMT" time="1866.402" errors="0">
  <testcase name="MouldedNo46OgeeCastAluminiumProducts" time="542.225" classname="jenTest.GutteringCastAluminium"/>
  <testcase name="BeadedHalfRoundCastAluminiumProducts" time="318.687" classname="jenTest.GutteringCastAluminium"/>
  <testcase name="CastAluminiumGuttersProducts" time="298.193" classname="jenTest.GutteringCastAluminium"/>
  <testcase name="VictorianOgeeCastAluminiumProducts" time="303.738" classname="jenTest.GutteringCastAluminium"/>
  <testcase name="BeadedDeepFlowCastAluminiumProducts" time="403.559" classname="jenTest.GutteringCastAluminium"/>
</testsuite> <!-- jenTest.GutteringCastAluminium -->
