<?xml version="1.0" encoding="UTF-8"?>
<!-- Generated by org.testng.reporters.JUnitReportReporter -->
<testsuite hostname="sakthivel-PC" name="jenTest.GutteringGalvanisedSteel" tests="1" failures="0" timestamp="1 Mar 2016 06:29:47 GMT" time="1138.870" errors="0">
  <testcase name="BeadedDeepFlowCastAluminiumProducts" time="1138.870" classname="jenTest.GutteringGalvanisedSteel"/>
</testsuite> <!-- jenTest.GutteringGalvanisedSteel -->
