<?xml version="1.0" encoding="UTF-8"?>
<!-- Generated by org.testng.reporters.JUnitReportReporter -->
<testsuite hostname="sakthivel-PC" name="jenTest.UnderGroundDrainageProducts" tests="3" failures="0" timestamp="29 Feb 2016 12:43:08 GMT" time="182.520" errors="0">
  <testcase name="DrainageSundriesProducts" time="17.589" classname="jenTest.UnderGroundDrainageProducts"/>
  <testcase name="PolystormModularWaterStorageProducts" time="20.838" classname="jenTest.UnderGroundDrainageProducts"/>
  <testcase name="MMUnderGroundProducts" time="144.093" classname="jenTest.UnderGroundDrainageProducts"/>
</testsuite> <!-- jenTest.UnderGroundDrainageProducts -->
