<?xml version="1.0" encoding="UTF-8"?>
<!-- Generated by org.testng.reporters.JUnitReportReporter -->
<testsuite hostname="sakthivel-PC" name="jenTest.GutteringPlastic" tests="1" failures="0" timestamp="25 Feb 2016 12:27:07 GMT" time="321.514" errors="0">
  <testcase name="CapDeepCapacityGutterSystemProductPage" time="321.514" classname="jenTest.GutteringPlastic"/>
</testsuite> <!-- jenTest.GutteringPlastic -->
