<?xml version="1.0" encoding="UTF-8"?>
<!-- Generated by org.testng.reporters.JUnitReportReporter -->
<testsuite hostname="sakthivel-PC" name="jenTest.UnderGroundDrainageProducts" tests="4" failures="0" timestamp="4 May 2016 10:04:05 GMT" time="1020.669" errors="0">
  <testcase name="UnderGroundDrainageSubProduct" time="857.382" classname="jenTest.UnderGroundDrainageProducts"/>
  <testcase name="MMUnderGroundProducts" time="104.315" classname="jenTest.UnderGroundDrainageProducts"/>
  <testcase name="PolystormModularWaterStorageProducts" time="31.369" classname="jenTest.UnderGroundDrainageProducts"/>
  <testcase name="DrainageSundriesProducts" time="27.603" classname="jenTest.UnderGroundDrainageProducts"/>
</testsuite> <!-- jenTest.UnderGroundDrainageProducts -->
