<?xml version="1.0" encoding="UTF-8"?>
<!-- Generated by org.testng.reporters.JUnitReportReporter -->
<testsuite hostname="sakthivel-PC" name="jenTest.PlumbingWasteSubproducts" tests="10" failures="0" timestamp="11 Apr 2016 08:53:55 GMT" time="1720.168" errors="0">
  <testcase name="CondensateDrainageTrapsProducts" time="46.425" classname="jenTest.PlumbingWasteSubproducts"/>
  <testcase name="FivemmSolventWeldWasteMuPVCProductPage" time="215.177" classname="jenTest.PlumbingWasteSubproducts"/>
  <testcase name="WCPanConnectorsProducts" time="116.497" classname="jenTest.PlumbingWasteSubproducts"/>
  <testcase name="PushFitWasteSystemProducts" time="145.181" classname="jenTest.PlumbingWasteSubproducts"/>
  <testcase name="FlexibleWastesAntiSyphonUnitsProducts" time="36.697" classname="jenTest.PlumbingWasteSubproducts"/>
  <testcase name="OverFlowSystemProducts" time="105.317" classname="jenTest.PlumbingWasteSubproducts"/>
  <testcase name="ThreemmSolventWeldWasteMuPVCProductPage" time="187.755" classname="jenTest.PlumbingWasteSubproducts"/>
  <testcase name="UniversalCompressionWasteProducts" time="106.673" classname="jenTest.PlumbingWasteSubproducts"/>
  <testcase name="FourmmSolventWeldWasteMuPVCProductPage" time="222.589" classname="jenTest.PlumbingWasteSubproducts"/>
  <testcase name="WasteTrapsProducts" time="537.857" classname="jenTest.PlumbingWasteSubproducts"/>
</testsuite> <!-- jenTest.PlumbingWasteSubproducts -->
