<?xml version="1.0" encoding="UTF-8"?>
<!-- Generated by org.testng.reporters.JUnitReportReporter -->
<testsuite hostname="sakthivel-PC" name="jenTest.WindowTrimsSubProducts" tests="14" failures="0" timestamp="4 May 2016 08:54:28 GMT" time="1229.836" errors="0">
  <testcase name="WhiteBullnoseWindowBoardProducts" time="44.930" classname="jenTest.WindowTrimsSubProducts"/>
  <testcase name="AnthraciteGreyProducts" time="102.588" classname="jenTest.WindowTrimsSubProducts"/>
  <testcase name="StandardShiplapProducts" time="269.722" classname="jenTest.WindowTrimsSubProducts"/>
  <testcase name="IrishOakWoodgrainWindowTrimsProducts" time="45.031" classname="jenTest.WindowTrimsSubProducts"/>
  <testcase name="WindowFittingAccesoriesProducts" time="76.655" classname="jenTest.WindowTrimsSubProducts"/>
  <testcase name="HockeyNoseWindowBoardProducts" time="52.733" classname="jenTest.WindowTrimsSubProducts"/>
  <testcase name="WhiteWoodgrainWindowTrimsProducts" time="87.114" classname="jenTest.WindowTrimsSubProducts"/>
  <testcase name="ExternalWindowChillsProducts" time="83.294" classname="jenTest.WindowTrimsSubProducts"/>
  <testcase name="MahoghanyWoodgrainWindowTrimsProducts" time="90.724" classname="jenTest.WindowTrimsSubProducts"/>
  <testcase name="BlackAshWindowTrimsProducts" time="93.026" classname="jenTest.WindowTrimsSubProducts"/>
  <testcase name="ChartWellGreenWindowTrimsProducts" time="53.878" classname="jenTest.WindowTrimsSubProducts"/>
  <testcase name="GoldenOakWindowTrimsProducts" time="93.676" classname="jenTest.WindowTrimsSubProducts"/>
  <testcase name="CreamWoodgrainWindowTrimsProducts" time="45.005" classname="jenTest.WindowTrimsSubProducts"/>
  <testcase name="RoseWoodWindowTrimsProducts" time="91.460" classname="jenTest.WindowTrimsSubProducts"/>
</testsuite> <!-- jenTest.WindowTrimsSubProducts -->
