<?xml version="1.0" encoding="UTF-8"?>
<!-- Generated by org.testng.reporters.JUnitReportReporter -->
<testsuite hostname="sakthivel-PC" name="jenTest.WindowTrimsSubProducts" tests="14" failures="0" timestamp="31 Mar 2016 08:47:22 GMT" time="1120.615" errors="0">
  <testcase name="StandardShiplapProducts" time="256.679" classname="jenTest.WindowTrimsSubProducts"/>
  <testcase name="ChartWellGreenWindowTrimsProducts" time="43.443" classname="jenTest.WindowTrimsSubProducts"/>
  <testcase name="MahoghanyWoodgrainWindowTrimsProducts" time="88.062" classname="jenTest.WindowTrimsSubProducts"/>
  <testcase name="WhiteBullnoseWindowBoardProducts" time="45.996" classname="jenTest.WindowTrimsSubProducts"/>
  <testcase name="WindowFittingAccesoriesProducts" time="38.287" classname="jenTest.WindowTrimsSubProducts"/>
  <testcase name="BlackAshWindowTrimsProducts" time="100.912" classname="jenTest.WindowTrimsSubProducts"/>
  <testcase name="ExternalWindowChillsProducts" time="67.164" classname="jenTest.WindowTrimsSubProducts"/>
  <testcase name="HockeyNoseWindowBoardProducts" time="48.653" classname="jenTest.WindowTrimsSubProducts"/>
  <testcase name="IrishOakWoodgrainWindowTrimsProducts" time="43.032" classname="jenTest.WindowTrimsSubProducts"/>
  <testcase name="CreamWoodgrainWindowTrimsProducts" time="37.534" classname="jenTest.WindowTrimsSubProducts"/>
  <testcase name="RoseWoodWindowTrimsProducts" time="96.935" classname="jenTest.WindowTrimsSubProducts"/>
  <testcase name="GoldenOakWindowTrimsProducts" time="89.406" classname="jenTest.WindowTrimsSubProducts"/>
  <testcase name="WhiteWoodgrainWindowTrimsProducts" time="90.052" classname="jenTest.WindowTrimsSubProducts"/>
  <testcase name="AnthraciteGreyProducts" time="74.460" classname="jenTest.WindowTrimsSubProducts"/>
</testsuite> <!-- jenTest.WindowTrimsSubProducts -->
