<?xml version="1.0" encoding="UTF-8"?>
<!-- Generated by org.testng.reporters.JUnitReportReporter -->
<testsuite hostname="sakthivel-PC" name="jenTest.UnderGroundDrainageProducts" tests="4" failures="0" timestamp="8 Apr 2016 10:23:26 GMT" time="876.109" errors="0">
  <testcase name="PolystormModularWaterStorageProducts" time="14.357" classname="jenTest.UnderGroundDrainageProducts"/>
  <testcase name="MMUnderGroundProducts" time="78.834" classname="jenTest.UnderGroundDrainageProducts"/>
  <testcase name="DrainageSundriesProducts" time="14.031" classname="jenTest.UnderGroundDrainageProducts"/>
  <testcase name="UnderGroundDrainageSubProduct" time="768.887" classname="jenTest.UnderGroundDrainageProducts"/>
</testsuite> <!-- jenTest.UnderGroundDrainageProducts -->
