<?xml version="1.0" encoding="UTF-8"?>
<!-- Generated by org.testng.reporters.JUnitReportReporter -->
<testsuite hostname="sakthivel-PC" name="jenTest.SoftitBoardsSubProducts" tests="13" failures="0" timestamp="5 May 2016 09:23:06 GMT" time="1361.533" errors="0">
  <testcase name="IrishOakSoftitProducts" time="82.702" classname="jenTest.SoftitBoardsSubProducts"/>
  <testcase name="SolidBlackColourSoftitProducts" time="30.268" classname="jenTest.SoftitBoardsSubProducts"/>
  <testcase name="ChartwellGreenSoftitProducts" time="59.286" classname="jenTest.SoftitBoardsSubProducts"/>
  <testcase name="MahoganySoftitProducts" time="142.624" classname="jenTest.SoftitBoardsSubProducts"/>
  <testcase name="GoldenOakWoodgrainSoftitProducts" time="150.817" classname="jenTest.SoftitBoardsSubProducts"/>
  <testcase name="SolidCreamColourSoftitProducts" time="46.353" classname="jenTest.SoftitBoardsSubProducts"/>
  <testcase name="CreamwoodGrainProducts" time="55.285" classname="jenTest.SoftitBoardsSubProducts"/>
  <testcase name="BlackwoodGrainSoftitProducts" time="147.374" classname="jenTest.SoftitBoardsSubProducts"/>
  <testcase name="GreySoftitProducts" time="206.099" classname="jenTest.SoftitBoardsSubProducts"/>
  <testcase name="SolidBrownColourSoftitProducts" time="33.649" classname="jenTest.SoftitBoardsSubProducts"/>
  <testcase name="ventingProducts" time="70.226" classname="jenTest.SoftitBoardsSubProducts"/>
  <testcase name="WhiteSoftitProducts" time="201.251" classname="jenTest.SoftitBoardsSubProducts"/>
  <testcase name="RoseWoodgrainSoftitProducts" time="135.599" classname="jenTest.SoftitBoardsSubProducts"/>
</testsuite> <!-- jenTest.SoftitBoardsSubProducts -->
