<?xml version="1.0" encoding="UTF-8"?>
<!-- Generated by org.testng.reporters.JUnitReportReporter -->
<testsuite hostname="sakthivel-PC" name="jenTest.Login" tests="1" failures="0" timestamp="16 Feb 2016 12:43:08 GMT" time="24.956" errors="0">
  <testcase name="LoginTest" time="24.956" classname="jenTest.Login"/>
</testsuite> <!-- jenTest.Login -->
