<?xml version="1.0" encoding="UTF-8"?>
<!-- Generated by org.testng.reporters.JUnitReportReporter -->
<testsuite hostname="sakthivel-PC" name="jenTest.RoofingProducts" tests="1" failures="0" timestamp="9 May 2016 09:15:44 GMT" time="286.573" errors="0">
  <testcase name="RoofingProductsPage" time="286.573" classname="jenTest.RoofingProducts"/>
</testsuite> <!-- jenTest.RoofingProducts -->
