<?xml version="1.0" encoding="UTF-8"?>
<!-- Generated by org.testng.reporters.JUnitReportReporter -->
<testsuite hostname="sakthivel-PC" name="jenTest.GutteringImitaionCastIron" tests="5" failures="0" timestamp="30 Mar 2016 08:55:44 GMT" time="646.957" errors="0">
  <testcase name="MouldedOgeeGutterbyBrettMartinProducts" time="87.241" classname="jenTest.GutteringImitaionCastIron"/>
  <testcase name="EleganceCastIronSystembyPolypipeProducts" time="332.872" classname="jenTest.GutteringImitaionCastIron"/>
  <testcase name="IndustrialHalfRoundbyBrettMartinProducts" time="46.444" classname="jenTest.GutteringImitaionCastIron"/>
  <testcase name="StandardHalfRoundProducts" time="124.399" classname="jenTest.GutteringImitaionCastIron"/>
  <testcase name="DeepCapacityRoundbyBrettMartinProducts" time="56.001" classname="jenTest.GutteringImitaionCastIron"/>
</testsuite> <!-- jenTest.GutteringImitaionCastIron -->
