<?xml version="1.0" encoding="UTF-8"?>
<!-- Generated by org.testng.reporters.JUnitReportReporter -->
<testsuite hostname="sakthivel-PC" name="jenTest.GutteringPlastic" tests="1" failures="0" timestamp="25 Mar 2016 11:55:13 GMT" time="208.978" errors="0">
  <testcase name="MinlineGutteringProducts" time="208.978" classname="jenTest.GutteringPlastic"/>
</testsuite> <!-- jenTest.GutteringPlastic -->
