<?xml version="1.0" encoding="UTF-8"?>
<!-- Generated by org.testng.reporters.JUnitReportReporter -->
<testsuite hostname="sakthivel-PC" name="jenTest.HotandColdPlumbingSubproducts" tests="1" failures="0" timestamp="1 Mar 2016 06:02:42 GMT" time="355.467" errors="0">
  <testcase name="PolyplumpPushFitProduct" time="355.467" classname="jenTest.HotandColdPlumbingSubproducts"/>
</testsuite> <!-- jenTest.HotandColdPlumbingSubproducts -->
