<?xml version="1.0" encoding="UTF-8"?>
<!-- Generated by org.testng.reporters.JUnitReportReporter -->
<testsuite hostname="sakthivel-PC" name="jenTest.GutteringGalvanisedSteel" tests="1" failures="0" timestamp="5 May 2016 10:12:46 GMT" time="688.095" errors="0">
  <testcase name="BeadedDeepFlowCastAluminiumProducts" time="688.095" classname="jenTest.GutteringGalvanisedSteel"/>
</testsuite> <!-- jenTest.GutteringGalvanisedSteel -->
