<?xml version="1.0" encoding="UTF-8"?>
<!-- Generated by org.testng.reporters.JUnitReportReporter -->
<testsuite hostname="sakthivel-PC" name="jenTest.WindowTrimsSubProducts" tests="14" failures="0" timestamp="9 May 2016 06:25:58 GMT" time="1164.259" errors="0">
  <testcase name="WhiteBullnoseWindowBoardProducts" time="44.589" classname="jenTest.WindowTrimsSubProducts"/>
  <testcase name="RoseWoodWindowTrimsProducts" time="92.470" classname="jenTest.WindowTrimsSubProducts"/>
  <testcase name="IrishOakWoodgrainWindowTrimsProducts" time="44.068" classname="jenTest.WindowTrimsSubProducts"/>
  <testcase name="WhiteWoodgrainWindowTrimsProducts" time="87.817" classname="jenTest.WindowTrimsSubProducts"/>
  <testcase name="StandardShiplapProducts" time="257.602" classname="jenTest.WindowTrimsSubProducts"/>
  <testcase name="MahoghanyWoodgrainWindowTrimsProducts" time="87.876" classname="jenTest.WindowTrimsSubProducts"/>
  <testcase name="WindowFittingAccesoriesProducts" time="49.102" classname="jenTest.WindowTrimsSubProducts"/>
  <testcase name="AnthraciteGreyProducts" time="95.139" classname="jenTest.WindowTrimsSubProducts"/>
  <testcase name="BlackAshWindowTrimsProducts" time="94.456" classname="jenTest.WindowTrimsSubProducts"/>
  <testcase name="ChartWellGreenWindowTrimsProducts" time="53.543" classname="jenTest.WindowTrimsSubProducts"/>
  <testcase name="ExternalWindowChillsProducts" time="82.199" classname="jenTest.WindowTrimsSubProducts"/>
  <testcase name="CreamWoodgrainWindowTrimsProducts" time="40.015" classname="jenTest.WindowTrimsSubProducts"/>
  <testcase name="HockeyNoseWindowBoardProducts" time="46.462" classname="jenTest.WindowTrimsSubProducts"/>
  <testcase name="GoldenOakWindowTrimsProducts" time="88.921" classname="jenTest.WindowTrimsSubProducts"/>
</testsuite> <!-- jenTest.WindowTrimsSubProducts -->
