<?xml version="1.0" encoding="UTF-8"?>
<!-- Generated by org.testng.reporters.JUnitReportReporter -->
<testsuite hostname="sakthivel-PC" name="com.payment.test.PayPalTest" tests="1" failures="0" timestamp="14 Apr 2016 12:47:49 GMT" time="125.221" errors="0">
  <testcase name="lowvalueorder" time="125.221" classname="com.payment.test.PayPalTest"/>
</testsuite> <!-- com.payment.test.PayPalTest -->
