<?xml version="1.0" encoding="UTF-8"?>
<!-- Generated by org.testng.reporters.JUnitReportReporter -->
<testsuite hostname="sakthivel-PC" name="jenTest.FixingProducts" tests="3" failures="0" timestamp="9 May 2016 11:47:29 GMT" time="154.239" errors="0">
  <testcase name="MiscellaneousFixingProductsPage" time="76.727" classname="jenTest.FixingProducts"/>
  <testcase name="StandardScrewsproductpage" time="48.694" classname="jenTest.FixingProducts"/>
  <testcase name="PolyTopFixingproductsPage" time="28.818" classname="jenTest.FixingProducts"/>
</testsuite> <!-- jenTest.FixingProducts -->
