<?xml version="1.0" encoding="UTF-8"?>
<!-- Generated by org.testng.reporters.JUnitReportReporter -->
<testsuite hostname="sakthivel-PC" name="jenTest.RoofingProducts" tests="1" failures="0" timestamp="2 Mar 2016 11:32:41 GMT" time="327.481" errors="0">
  <testcase name="RoofingProductsPage" time="327.481" classname="jenTest.RoofingProducts"/>
</testsuite> <!-- jenTest.RoofingProducts -->
