<?xml version="1.0" encoding="UTF-8"?>
<!-- Generated by org.testng.reporters.JUnitReportReporter -->
<testsuite hostname="sakthivel-PC" name="jenTest.GardenDecking" tests="3" failures="0" timestamp="9 May 2016 11:42:54 GMT" time="415.316" errors="0">
  <testcase name="TwinsonDeckingProducts" time="80.961" classname="jenTest.GardenDecking"/>
  <testcase name="GroundGuardLawnPavingTileProducts" time="23.962" classname="jenTest.GardenDecking"/>
  <testcase name="NeptuneWallCeilingCladdingProducts" time="310.393" classname="jenTest.GardenDecking"/>
</testsuite> <!-- jenTest.GardenDecking -->
