<?xml version="1.0" encoding="UTF-8"?>
<!-- Generated by org.testng.reporters.JUnitReportReporter -->
<testsuite hostname="sakthivel-PC" name="jenTest.GutteringImitaionCastIron" tests="1" failures="0" timestamp="25 Feb 2016 13:45:26 GMT" time="158.961" errors="0">
  <testcase name="StandardHalfRoundProducts" time="158.961" classname="jenTest.GutteringImitaionCastIron"/>
</testsuite> <!-- jenTest.GutteringImitaionCastIron -->
