<?xml version="1.0" encoding="UTF-8"?>
<!-- Generated by org.testng.reporters.JUnitReportReporter -->
<testsuite hostname="sakthivel-PC" name="jenTest.FixingProducts" tests="3" failures="0" timestamp="5 May 2016 13:26:39 GMT" time="162.031" errors="0">
  <testcase name="StandardScrewsproductpage" time="50.926" classname="jenTest.FixingProducts"/>
  <testcase name="PolyTopFixingproductsPage" time="33.267" classname="jenTest.FixingProducts"/>
  <testcase name="MiscellaneousFixingProductsPage" time="77.838" classname="jenTest.FixingProducts"/>
</testsuite> <!-- jenTest.FixingProducts -->
