<?xml version="1.0" encoding="UTF-8"?>
<!-- Generated by org.testng.reporters.JUnitReportReporter -->
<testsuite hostname="sakthivel-PC" name="jenTest.WaterButtsAccessories" tests="1" failures="0" timestamp="9 May 2016 06:29:37 GMT" time="40.529" errors="0">
  <testcase name="WaterButtsAccessoriesProducts" time="40.529" classname="jenTest.WaterButtsAccessories"/>
</testsuite> <!-- jenTest.WaterButtsAccessories -->
