<?xml version="1.0" encoding="UTF-8"?>
<!-- Generated by org.testng.reporters.JUnitReportReporter -->
<testsuite hostname="sakthivel-PC" name="jenTest.GutteringCastAluminium" tests="5" failures="0" timestamp="5 May 2016 11:23:39 GMT" time="1360.108" errors="0">
  <testcase name="MouldedNo46OgeeCastAluminiumProducts" time="347.996" classname="jenTest.GutteringCastAluminium"/>
  <testcase name="BeadedHalfRoundCastAluminiumProducts" time="261.969" classname="jenTest.GutteringCastAluminium"/>
  <testcase name="BeadedDeepFlowCastAluminiumProducts" time="102.435" classname="jenTest.GutteringCastAluminium"/>
  <testcase name="CastAluminiumGuttersProducts" time="359.082" classname="jenTest.GutteringCastAluminium"/>
  <testcase name="VictorianOgeeCastAluminiumProducts" time="288.626" classname="jenTest.GutteringCastAluminium"/>
</testsuite> <!-- jenTest.GutteringCastAluminium -->
