<?xml version="1.0" encoding="UTF-8"?>
<!-- Generated by org.testng.reporters.JUnitReportReporter -->
<testsuite hostname="sakthivel-PC" name="jenTest.Cladding" tests="1" failures="0" timestamp="30 Mar 2016 15:56:58 GMT" time="215.252" errors="0">
  <testcase name="VgrooveEmbossedcladdingProducts" time="215.252" classname="jenTest.Cladding"/>
</testsuite> <!-- jenTest.Cladding -->
