<?xml version="1.0" encoding="UTF-8"?>
<!-- Generated by org.testng.reporters.JUnitReportReporter -->
<testsuite hostname="sakthivel-PC" name="jenTest.DownpipesHoppersStandardHalfroundSubproducts" tests="1" failures="0" timestamp="6 May 2016 06:51:55 GMT" time="361.162" errors="0">
  <testcase name="TerrainPremiumDownpipeRangeProducts" time="361.162" classname="jenTest.DownpipesHoppersStandardHalfroundSubproducts"/>
</testsuite> <!-- jenTest.DownpipesHoppersStandardHalfroundSubproducts -->
