<?xml version="1.0" encoding="UTF-8"?>
<!-- Generated by org.testng.reporters.JUnitReportReporter -->
<testsuite hostname="sakthivel-PC" name="jenTest.SoftitBoardsSubProducts" tests="1" failures="0" timestamp="22 Mar 2016 10:13:05 GMT" time="238.519" errors="0">
  <testcase name="WhiteSoftitProducts" time="238.519" classname="jenTest.SoftitBoardsSubProducts"/>
</testsuite> <!-- jenTest.SoftitBoardsSubProducts -->
