<?xml version="1.0" encoding="UTF-8"?>
<!-- Generated by org.testng.reporters.JUnitReportReporter -->
<testsuite hostname="sakthivel-PC" name="com.payment.test.PayPalTestLowValue" tests="1" failures="0" timestamp="25 Apr 2016 07:09:41 GMT" time="81.678" errors="0">
  <testcase name="lowvalueorder" time="81.678" classname="com.payment.test.PayPalTestLowValue"/>
</testsuite> <!-- com.payment.test.PayPalTestLowValue -->
