<?xml version="1.0" encoding="UTF-8"?>
<!-- Generated by org.testng.reporters.JUnitReportReporter -->
<testsuite hostname="sakthivel-PC" name="jenTest.RoofingProducts" tests="1" failures="0" timestamp="4 Apr 2016 07:15:40 GMT" time="168.025" errors="0">
  <testcase name="RoofingProductsPage" time="168.025" classname="jenTest.RoofingProducts"/>
</testsuite> <!-- jenTest.RoofingProducts -->
