<?xml version="1.0" encoding="UTF-8"?>
<!-- Generated by org.testng.reporters.JUnitReportReporter -->
<testsuite hostname="sakthivel-PC" name="jenTest.GroundGuardLawnPavingTile" tests="1" failures="0" timestamp="30 Apr 2016 09:32:26 GMT" time="15.172" errors="0">
  <testcase name="GroundGuardLawnPavingTileProducts" time="15.172" classname="jenTest.GroundGuardLawnPavingTile"/>
</testsuite> <!-- jenTest.GroundGuardLawnPavingTile -->
