<?xml version="1.0" encoding="UTF-8"?>
<!-- Generated by org.testng.reporters.JUnitReportReporter -->
<testsuite hostname="sakthivel-PC" name="jenTest.UnderGroundDrainageProducts" tests="1" failures="0" timestamp="1 Apr 2016 08:34:46 GMT" time="645.708" errors="0">
  <testcase name="UnderGroundDrainageSubProduct" time="645.708" classname="jenTest.UnderGroundDrainageProducts"/>
</testsuite> <!-- jenTest.UnderGroundDrainageProducts -->
