<?xml version="1.0" encoding="UTF-8"?>
<!-- Generated by org.testng.reporters.JUnitReportReporter -->
<testsuite hostname="sakthivel-PC" name="jenTest.GutteringGalvanisedSteel" tests="1" failures="0" timestamp="12 Apr 2016 12:13:24 GMT" time="1483.522" errors="0">
  <testcase name="BeadedDeepFlowCastAluminiumProducts" time="1483.522" classname="jenTest.GutteringGalvanisedSteel"/>
</testsuite> <!-- jenTest.GutteringGalvanisedSteel -->
