<?xml version="1.0" encoding="UTF-8"?>
<!-- Generated by org.testng.reporters.JUnitReportReporter -->
<testsuite hostname="sakthivel-PC" name="jenTest.DownpipesHoppersAluminiumSubProducts" tests="6" failures="0" timestamp="10 May 2016 11:05:58 GMT" time="1207.814" errors="0">
  <testcase name="EmbelishmentsProducts" time="77.109" classname="jenTest.DownpipesHoppersAluminiumSubProducts"/>
  <testcase name="OrnamentalFixingLugsProduct" time="54.235" classname="jenTest.DownpipesHoppersAluminiumSubProducts"/>
  <testcase name="AluminiumPipesProducts" time="542.753" classname="jenTest.DownpipesHoppersAluminiumSubProducts"/>
  <testcase name="CastAluminiumHoppersProducts" time="144.624" classname="jenTest.DownpipesHoppersAluminiumSubProducts"/>
  <testcase name="TemporaryRainWaterPipeProduct" time="15.553" classname="jenTest.DownpipesHoppersAluminiumSubProducts"/>
  <testcase name="SquareAndRectangularAluminiumPipesProducts" time="373.540" classname="jenTest.DownpipesHoppersAluminiumSubProducts"/>
</testsuite> <!-- jenTest.DownpipesHoppersAluminiumSubProducts -->
