<?xml version="1.0" encoding="UTF-8"?>
<!-- Generated by org.testng.reporters.JUnitReportReporter -->
<testsuite hostname="sakthivel-PC" name="jenTest.GutteringPlastic" tests="17" failures="0" timestamp="12 Apr 2016 12:13:25 GMT" time="6679.770" errors="0">
  <testcase name="CornicheSquarelineGutteringProducts" time="623.183" classname="jenTest.GutteringPlastic"/>
  <testcase name="PolyFlowGutterinProducts" time="684.373" classname="jenTest.GutteringPlastic"/>
  <testcase name="StandardHalfRoundProducts" time="808.433" classname="jenTest.GutteringPlastic"/>
  <testcase name="RapidflowDeepflowGutteringProducts" time="264.704" classname="jenTest.GutteringPlastic"/>
  <testcase name="FloplastTradeRangeProducts" time="191.125" classname="jenTest.GutteringPlastic"/>
  <testcase name="SwishAnthraciteGreyRAL7016GutteringProducts" time="84.086" classname="jenTest.GutteringPlastic"/>
  <testcase name="TerrainPremiumRangeProducts" time="743.152" classname="jenTest.GutteringPlastic"/>
  <testcase name="IndustrialGutteringProductPage" time="676.852" classname="jenTest.GutteringPlastic"/>
  <testcase name="XtrafloGutterSystemProductPage" time="99.971" classname="jenTest.GutteringPlastic"/>
  <testcase name="MinlineGutteringProducts" time="190.946" classname="jenTest.GutteringPlastic"/>
  <testcase name="VictorianOgeeGutterinProducts" time="344.074" classname="jenTest.GutteringPlastic"/>
  <testcase name="StreamlineSquareGutteringProductPage" time="215.871" classname="jenTest.GutteringPlastic"/>
  <testcase name="CapDeepCapacityGutterSystemProductPage" time="239.374" classname="jenTest.GutteringPlastic"/>
  <testcase name="SquareLineGutterinProducts" time="604.307" classname="jenTest.GutteringPlastic"/>
  <testcase name="AccessoriesProductPage" time="52.995" classname="jenTest.GutteringPlastic"/>
  <testcase name="SovereignMouldedOgeePrducts" time="397.907" classname="jenTest.GutteringPlastic"/>
  <testcase name="OmegaOgeeGutteringProductPage" time="458.417" classname="jenTest.GutteringPlastic"/>
</testsuite> <!-- jenTest.GutteringPlastic -->
