<?xml version="1.0" encoding="UTF-8"?>
<!-- Generated by org.testng.reporters.JUnitReportReporter -->
<testsuite hostname="sakthivel-PC" name="jenTest.TerrainRoofBalconyOutletsproducts" tests="1" failures="0" timestamp="2 Mar 2016 09:31:59 GMT" time="121.865" errors="0">
  <testcase name="TerrainRoofBalconyOutletsProduct" time="121.865" classname="jenTest.TerrainRoofBalconyOutletsproducts"/>
</testsuite> <!-- jenTest.TerrainRoofBalconyOutletsproducts -->
