<?xml version="1.0" encoding="UTF-8"?>
<!-- Generated by org.testng.reporters.JUnitReportReporter -->
<testsuite hostname="sakthivel-PC" name="jenTest.InternalCadding" tests="1" failures="0" timestamp="5 May 2016 07:24:11 GMT" time="198.714" errors="0">
  <testcase name="NeptuneWallCeilingCladdingProducts" time="198.714" classname="jenTest.InternalCadding"/>
</testsuite> <!-- jenTest.InternalCadding -->
