<?xml version="1.0" encoding="UTF-8"?>
<!-- Generated by org.testng.reporters.JUnitReportReporter -->
<testsuite hostname="sakthivel-PC" name="jenTest.GutteringImitaionCastIron" tests="5" failures="0" timestamp="2 Apr 2016 08:41:02 GMT" time="537.387" errors="0">
  <testcase name="EleganceCastIronSystembyPolypipeProducts" time="294.683" classname="jenTest.GutteringImitaionCastIron"/>
  <testcase name="IndustrialHalfRoundbyBrettMartinProducts" time="41.330" classname="jenTest.GutteringImitaionCastIron"/>
  <testcase name="DeepCapacityRoundbyBrettMartinProducts" time="49.816" classname="jenTest.GutteringImitaionCastIron"/>
  <testcase name="StandardHalfRoundProducts" time="71.396" classname="jenTest.GutteringImitaionCastIron"/>
  <testcase name="MouldedOgeeGutterbyBrettMartinProducts" time="80.162" classname="jenTest.GutteringImitaionCastIron"/>
</testsuite> <!-- jenTest.GutteringImitaionCastIron -->
