<?xml version="1.0" encoding="UTF-8"?>
<!-- Generated by org.testng.reporters.JUnitReportReporter -->
<testsuite hostname="sakthivel-PC" name="jenTest.keyWordTest" tests="1" failures="0" timestamp="2 Feb 2016 14:05:54 GMT" time="47.026" errors="0">
  <testcase name="MainProduct" time="47.026" classname="jenTest.keyWordTest"/>
</testsuite> <!-- jenTest.keyWordTest -->
