<?xml version="1.0" encoding="UTF-8"?>
<!-- Generated by org.testng.reporters.JUnitReportReporter -->
<testsuite hostname="sakthivel-PC" name="jenTest.UnderGroundDrainageProducts" tests="4" failures="0" timestamp="9 May 2016 06:48:38 GMT" time="953.443" errors="0">
  <testcase name="UnderGroundDrainageSubProduct" time="820.551" classname="jenTest.UnderGroundDrainageProducts"/>
  <testcase name="DrainageSundriesProducts" time="17.984" classname="jenTest.UnderGroundDrainageProducts"/>
  <testcase name="MMUnderGroundProducts" time="93.069" classname="jenTest.UnderGroundDrainageProducts"/>
  <testcase name="PolystormModularWaterStorageProducts" time="21.839" classname="jenTest.UnderGroundDrainageProducts"/>
</testsuite> <!-- jenTest.UnderGroundDrainageProducts -->
