<?xml version="1.0" encoding="UTF-8"?>
<!-- Generated by org.testng.reporters.JUnitReportReporter -->
<testsuite hostname="sakthivel-PC" name="jenTest.GardenDecking" tests="1" failures="0" timestamp="2 Mar 2016 11:13:07 GMT" time="37.902" errors="0">
  <testcase name="GroundGuardLawnPavingTileProducts" time="37.902" classname="jenTest.GardenDecking"/>
</testsuite> <!-- jenTest.GardenDecking -->
