<?xml version="1.0" encoding="UTF-8"?>
<!-- Generated by org.testng.reporters.JUnitReportReporter -->
<testsuite hostname="sakthivel-PC" name="jenTest.GutteringCastAluminium" tests="5" failures="0" timestamp="12 May 2016 10:29:13 GMT" time="1570.541" errors="0">
  <testcase name="MouldedNo46OgeeCastAluminiumProducts" time="695.855" classname="jenTest.GutteringCastAluminium"/>
  <testcase name="BeadedHalfRoundCastAluminiumProducts" time="230.817" classname="jenTest.GutteringCastAluminium"/>
  <testcase name="BeadedDeepFlowCastAluminiumProducts" time="79.229" classname="jenTest.GutteringCastAluminium"/>
  <testcase name="CastAluminiumGuttersProducts" time="315.518" classname="jenTest.GutteringCastAluminium"/>
  <testcase name="VictorianOgeeCastAluminiumProducts" time="249.122" classname="jenTest.GutteringCastAluminium"/>
</testsuite> <!-- jenTest.GutteringCastAluminium -->
