<?xml version="1.0" encoding="UTF-8"?>
<!-- Generated by org.testng.reporters.JUnitReportReporter -->
<testsuite hostname="sakthivel-PC" name="jenTest.HotandColdPlumbingSubproducts" tests="1" failures="0" timestamp="29 Feb 2016 11:46:36 GMT" time="412.198" errors="0">
  <testcase name="PolyplumpPushFitProduct" time="412.198" classname="jenTest.HotandColdPlumbingSubproducts"/>
</testsuite> <!-- jenTest.HotandColdPlumbingSubproducts -->
