<?xml version="1.0" encoding="UTF-8"?>
<!-- Generated by org.testng.reporters.JUnitReportReporter -->
<testsuite hostname="sakthivel-PC" name="jenTest.FasciaSubProducts" tests="1" failures="0" timestamp="9 Mar 2016 13:05:59 GMT" time="262.529" errors="0">
  <testcase name="MahoganyFasciaProducts" time="262.529" classname="jenTest.FasciaSubProducts"/>
</testsuite> <!-- jenTest.FasciaSubProducts -->
