<?xml version="1.0" encoding="UTF-8"?>
<!-- Generated by org.testng.reporters.JUnitReportReporter -->
<testsuite hostname="sakthivel-PC" name="jenTest.WaterButtsAccessories" tests="1" failures="0" timestamp="3 May 2016 11:51:07 GMT" time="40.915" errors="0">
  <testcase name="WaterButtsAccessoriesProducts" time="40.915" classname="jenTest.WaterButtsAccessories"/>
</testsuite> <!-- jenTest.WaterButtsAccessories -->
