<?xml version="1.0" encoding="UTF-8"?>
<!-- Generated by org.testng.reporters.JUnitReportReporter -->
<testsuite hostname="sakthivel-PC" name="jenTest.FasciaSubProducts" tests="14" failures="0" timestamp="2 Apr 2016 08:41:02 GMT" time="2329.113" errors="0">
  <testcase name="WhiteFasciaProducts" time="258.397" classname="jenTest.FasciaSubProducts"/>
  <testcase name="LightGreyFasciaProducts" time="168.557" classname="jenTest.FasciaSubProducts"/>
  <testcase name="MBossFasciaProducts" time="81.939" classname="jenTest.FasciaSubProducts"/>
  <testcase name="GoldenOakFasciaProducts" time="177.593" classname="jenTest.FasciaSubProducts"/>
  <testcase name="AnthraciteGreyFasciaProducts" time="180.496" classname="jenTest.FasciaSubProducts"/>
  <testcase name="MahoganyFasciaProducts" time="182.644" classname="jenTest.FasciaSubProducts"/>
  <testcase name="CreamFasciaProducts" time="131.944" classname="jenTest.FasciaSubProducts"/>
  <testcase name="IrishOakFasciaProducts" time="145.702" classname="jenTest.FasciaSubProducts"/>
  <testcase name="BlackFasciaProducts" time="354.710" classname="jenTest.FasciaSubProducts"/>
  <testcase name="RosewoodFasciaProducts" time="179.780" classname="jenTest.FasciaSubProducts"/>
  <testcase name="ThickFlatTudorBoardProducts" time="24.120" classname="jenTest.FasciaSubProducts"/>
  <testcase name="HazyGreyFasciaProducts" time="172.893" classname="jenTest.FasciaSubProducts"/>
  <testcase name="ChartwellGreenFasciaProducts" time="128.802" classname="jenTest.FasciaSubProducts"/>
  <testcase name="AnthraciteWoodGreyFasciaProducts" time="141.536" classname="jenTest.FasciaSubProducts"/>
</testsuite> <!-- jenTest.FasciaSubProducts -->
