<?xml version="1.0" encoding="UTF-8"?>
<!-- Generated by org.testng.reporters.JUnitReportReporter -->
<testsuite hostname="sakthivel-PC" name="jenTest.jenCI" tests="1" failures="0" timestamp="9 Jan 2016 04:25:55 GMT" time="191.198" errors="0">
  <testcase name="function" time="191.198" classname="jenTest.jenCI"/>
</testsuite> <!-- jenTest.jenCI -->
