<?xml version="1.0" encoding="UTF-8"?>
<!-- Generated by org.testng.reporters.JUnitReportReporter -->
<testsuite hostname="sakthivel-PC" name="jenTest.UnderGroundDrainageProducts" tests="1" failures="0" timestamp="18 Mar 2016 13:47:56 GMT" time="883.231" errors="0">
  <testcase name="UnderGroundDrainageSubProduct" time="883.231" classname="jenTest.UnderGroundDrainageProducts"/>
</testsuite> <!-- jenTest.UnderGroundDrainageProducts -->
