<?xml version="1.0" encoding="UTF-8"?>
<!-- Generated by org.testng.reporters.JUnitReportReporter -->
<testsuite hostname="sakthivel-PC" name="jenTest.GutteringImitaionCastIron" tests="5" failures="0" timestamp="12 Apr 2016 12:13:24 GMT" time="690.076" errors="0">
  <testcase name="DeepCapacityRoundbyBrettMartinProducts" time="65.336" classname="jenTest.GutteringImitaionCastIron"/>
  <testcase name="StandardHalfRoundProducts" time="113.131" classname="jenTest.GutteringImitaionCastIron"/>
  <testcase name="IndustrialHalfRoundbyBrettMartinProducts" time="48.781" classname="jenTest.GutteringImitaionCastIron"/>
  <testcase name="EleganceCastIronSystembyPolypipeProducts" time="363.553" classname="jenTest.GutteringImitaionCastIron"/>
  <testcase name="MouldedOgeeGutterbyBrettMartinProducts" time="99.275" classname="jenTest.GutteringImitaionCastIron"/>
</testsuite> <!-- jenTest.GutteringImitaionCastIron -->
