<?xml version="1.0" encoding="UTF-8"?>
<!-- Generated by org.testng.reporters.JUnitReportReporter -->
<testsuite hostname="sakthivel-PC" name="jenTest.RoofingProducts" tests="1" failures="0" timestamp="5 May 2016 07:06:15 GMT" time="306.046" errors="0">
  <testcase name="RoofingProductsPage" time="306.046" classname="jenTest.RoofingProducts"/>
</testsuite> <!-- jenTest.RoofingProducts -->
