<?xml version="1.0" encoding="UTF-8"?>
<!-- Generated by org.testng.reporters.JUnitReportReporter -->
<testsuite hostname="sakthivel-PC" name="jenTest.WindowTrimsSubProducts" tests="14" failures="0" timestamp="25 Mar 2016 06:46:39 GMT" time="1844.369" errors="0">
  <testcase name="ChartWellGreenWindowTrimsProducts" time="50.738" classname="jenTest.WindowTrimsSubProducts"/>
  <testcase name="MahoghanyWoodgrainWindowTrimsProducts" time="257.158" classname="jenTest.WindowTrimsSubProducts"/>
  <testcase name="WhiteBullnoseWindowBoardProducts" time="61.202" classname="jenTest.WindowTrimsSubProducts"/>
  <testcase name="HockeyNoseWindowBoardProducts" time="66.063" classname="jenTest.WindowTrimsSubProducts"/>
  <testcase name="GoldenOakWindowTrimsProducts" time="159.265" classname="jenTest.WindowTrimsSubProducts"/>
  <testcase name="IrishOakWoodgrainWindowTrimsProducts" time="63.464" classname="jenTest.WindowTrimsSubProducts"/>
  <testcase name="ExternalWindowChillsProducts" time="92.727" classname="jenTest.WindowTrimsSubProducts"/>
  <testcase name="RoseWoodWindowTrimsProducts" time="163.551" classname="jenTest.WindowTrimsSubProducts"/>
  <testcase name="WindowFittingAccesoriesProducts" time="51.931" classname="jenTest.WindowTrimsSubProducts"/>
  <testcase name="StandardShiplapProducts" time="422.753" classname="jenTest.WindowTrimsSubProducts"/>
  <testcase name="WhiteWoodgrainWindowTrimsProducts" time="147.796" classname="jenTest.WindowTrimsSubProducts"/>
  <testcase name="AnthraciteGreyProducts" time="86.914" classname="jenTest.WindowTrimsSubProducts"/>
  <testcase name="BlackAshWindowTrimsProducts" time="168.442" classname="jenTest.WindowTrimsSubProducts"/>
  <testcase name="CreamWoodgrainWindowTrimsProducts" time="52.365" classname="jenTest.WindowTrimsSubProducts"/>
</testsuite> <!-- jenTest.WindowTrimsSubProducts -->
