<?xml version="1.0" encoding="UTF-8"?>
<!-- Generated by org.testng.reporters.JUnitReportReporter -->
<testsuite hostname="sakthivel-PC" name="jenTest.GutteringCastAluminium" tests="5" failures="0" timestamp="2 Apr 2016 08:41:02 GMT" time="965.548" errors="0">
  <testcase name="BeadedHalfRoundCastAluminiumProducts" time="169.188" classname="jenTest.GutteringCastAluminium"/>
  <testcase name="VictorianOgeeCastAluminiumProducts" time="210.744" classname="jenTest.GutteringCastAluminium"/>
  <testcase name="CastAluminiumGuttersProducts" time="265.816" classname="jenTest.GutteringCastAluminium"/>
  <testcase name="MouldedNo46OgeeCastAluminiumProducts" time="250.641" classname="jenTest.GutteringCastAluminium"/>
  <testcase name="BeadedDeepFlowCastAluminiumProducts" time="69.159" classname="jenTest.GutteringCastAluminium"/>
</testsuite> <!-- jenTest.GutteringCastAluminium -->
