<?xml version="1.0" encoding="UTF-8"?>
<!-- Generated by org.testng.reporters.JUnitReportReporter -->
<testsuite hostname="sakthivel-PC" name="jenTest.AddtoCart" tests="1" failures="0" timestamp="21 Jan 2016 12:48:43 GMT" time="1544.036" errors="0">
  <testcase name="MainProduct" time="1544.036" classname="jenTest.AddtoCart"/>
</testsuite> <!-- jenTest.AddtoCart -->
