<?xml version="1.0" encoding="UTF-8"?>
<!-- Generated by org.testng.reporters.JUnitReportReporter -->
<testsuite hostname="sakthivel-PC" name="jenTest.AddtoCart" tests="1" failures="0" timestamp="26 Jan 2016 13:44:10 GMT" time="72.637" errors="0">
  <testcase name="MainProduct" time="72.637" classname="jenTest.AddtoCart"/>
</testsuite> <!-- jenTest.AddtoCart -->
