<?xml version="1.0" encoding="UTF-8"?>
<!-- Generated by org.testng.reporters.JUnitReportReporter -->
<testsuite hostname="sakthivel-PC" name="jenTest.Cladding" tests="6" failures="0" timestamp="12 Apr 2016 12:13:24 GMT" time="2064.892" errors="0">
  <testcase name="VgrooveEmbossedcladdingProducts" time="228.322" classname="jenTest.Cladding"/>
  <testcase name="FeatherEdgeSmoothProducts" time="94.516" classname="jenTest.Cladding"/>
  <testcase name="FeatherEdgeEMbossedcladdingProducts" time="258.099" classname="jenTest.Cladding"/>
  <testcase name="DoubleEMbossedcladdingProducts" time="344.527" classname="jenTest.Cladding"/>
  <testcase name="VgroovecladdingProducts" time="340.311" classname="jenTest.Cladding"/>
  <testcase name="StandardShiplapProducts" time="799.117" classname="jenTest.Cladding"/>
</testsuite> <!-- jenTest.Cladding -->
