<?xml version="1.0" encoding="UTF-8"?>
<!-- Generated by org.testng.reporters.JUnitReportReporter -->
<testsuite hostname="sakthivel-PC" name="jenTest.TerrainRoofBalconyOutletsproducts" tests="1" failures="0" timestamp="9 May 2016 07:00:00 GMT" time="65.600" errors="0">
  <testcase name="TerrainRoofBalconyOutletsProduct" time="65.600" classname="jenTest.TerrainRoofBalconyOutletsproducts"/>
</testsuite> <!-- jenTest.TerrainRoofBalconyOutletsproducts -->
