<?xml version="1.0" encoding="UTF-8"?>
<!-- Generated by org.testng.reporters.JUnitReportReporter -->
<testsuite hostname="sakthivel-PC" name="jenTest.PlumbingWasteSubproducts" tests="1" failures="0" timestamp="2 Mar 2016 06:41:42 GMT" time="1319.884" errors="0">
  <testcase name="WasteTrapsProducts" time="1319.884" classname="jenTest.PlumbingWasteSubproducts"/>
</testsuite> <!-- jenTest.PlumbingWasteSubproducts -->
