<?xml version="1.0" encoding="UTF-8"?>
<!-- Generated by org.testng.reporters.JUnitReportReporter -->
<testsuite hostname="sakthivel-PC" name="jenTest.PlumbingWasteSubproducts" tests="10" failures="0" timestamp="4 May 2016 07:09:03 GMT" time="1991.799" errors="0">
  <testcase name="WasteTrapsProducts" time="503.911" classname="jenTest.PlumbingWasteSubproducts"/>
  <testcase name="FourmmSolventWeldWasteMuPVCProductPage" time="269.418" classname="jenTest.PlumbingWasteSubproducts"/>
  <testcase name="FivemmSolventWeldWasteMuPVCProductPage" time="292.795" classname="jenTest.PlumbingWasteSubproducts"/>
  <testcase name="UniversalCompressionWasteProducts" time="134.413" classname="jenTest.PlumbingWasteSubproducts"/>
  <testcase name="PushFitWasteSystemProducts" time="175.248" classname="jenTest.PlumbingWasteSubproducts"/>
  <testcase name="OverFlowSystemProducts" time="120.293" classname="jenTest.PlumbingWasteSubproducts"/>
  <testcase name="WCPanConnectorsProducts" time="126.626" classname="jenTest.PlumbingWasteSubproducts"/>
  <testcase name="ThreemmSolventWeldWasteMuPVCProductPage" time="266.626" classname="jenTest.PlumbingWasteSubproducts"/>
  <testcase name="CondensateDrainageTrapsProducts" time="55.056" classname="jenTest.PlumbingWasteSubproducts"/>
  <testcase name="FlexibleWastesAntiSyphonUnitsProducts" time="47.413" classname="jenTest.PlumbingWasteSubproducts"/>
</testsuite> <!-- jenTest.PlumbingWasteSubproducts -->
