<?xml version="1.0" encoding="UTF-8"?>
<!-- Generated by org.testng.reporters.JUnitReportReporter -->
<testsuite hostname="sakthivel-PC" name="jenTest.AddtoCart" tests="1" failures="0" timestamp="1 Feb 2016 09:44:34 GMT" time="3694.047" errors="0">
  <testcase name="MainProduct" time="3694.047" classname="jenTest.AddtoCart"/>
</testsuite> <!-- jenTest.AddtoCart -->
