<?xml version="1.0" encoding="UTF-8"?>
<!-- Generated by org.testng.reporters.JUnitReportReporter -->
<testsuite hostname="sakthivel-PC" name="jenTest.WaterButtsAccessories" tests="1" failures="0" timestamp="30 Apr 2016 09:28:53 GMT" time="43.064" errors="0">
  <testcase name="WaterButtsAccessoriesProducts" time="43.064" classname="jenTest.WaterButtsAccessories"/>
</testsuite> <!-- jenTest.WaterButtsAccessories -->
