<?xml version="1.0" encoding="UTF-8"?>
<!-- Generated by org.testng.reporters.JUnitReportReporter -->
<testsuite hostname="sakthivel-PC" name="jenTest.GutteringGalvanisedSteel" tests="1" failures="0" timestamp="30 Mar 2016 08:55:44 GMT" time="644.643" errors="0">
  <testcase name="BeadedDeepFlowCastAluminiumProducts" time="644.643" classname="jenTest.GutteringGalvanisedSteel"/>
</testsuite> <!-- jenTest.GutteringGalvanisedSteel -->
