<?xml version="1.0" encoding="UTF-8"?>
<!-- Generated by org.testng.reporters.JUnitReportReporter -->
<testsuite hostname="sakthivel-PC" name="jenTest.HotandColdPlumbingSubproducts" tests="1" failures="0" timestamp="8 Apr 2016 08:31:35 GMT" time="211.478" errors="0">
  <testcase name="PolyplumpPushFitProduct" time="211.478" classname="jenTest.HotandColdPlumbingSubproducts"/>
</testsuite> <!-- jenTest.HotandColdPlumbingSubproducts -->
