<?xml version="1.0" encoding="UTF-8"?>
<!-- Generated by org.testng.reporters.JUnitReportReporter -->
<testsuite hostname="sakthivel-PC" name="jenTest.DownpipesHoppersImitationSubproducts" tests="1" failures="0" timestamp="10 May 2016 10:38:44 GMT" time="687.527" errors="0">
  <testcase name="ImitationCastIronPipesProducts" time="687.527" classname="jenTest.DownpipesHoppersImitationSubproducts"/>
</testsuite> <!-- jenTest.DownpipesHoppersImitationSubproducts -->
