<?xml version="1.0" encoding="UTF-8"?>
<!-- Generated by org.testng.reporters.JUnitReportReporter -->
<testsuite hostname="sakthivel-PC" name="jenTest.GardenDecking" tests="3" failures="0" timestamp="5 May 2016 12:51:24 GMT" time="409.718" errors="0">
  <testcase name="GroundGuardLawnPavingTileProducts" time="27.399" classname="jenTest.GardenDecking"/>
  <testcase name="TwinsonDeckingProducts" time="79.186" classname="jenTest.GardenDecking"/>
  <testcase name="NeptuneWallCeilingCladdingProducts" time="303.133" classname="jenTest.GardenDecking"/>
</testsuite> <!-- jenTest.GardenDecking -->
