<?xml version="1.0" encoding="UTF-8"?>
<!-- Generated by org.testng.reporters.JUnitReportReporter -->
<testsuite hostname="sakthivel-PC" name="jenTest.ToolsSubProducts" tests="1" failures="0" timestamp="9 May 2016 06:58:01 GMT" time="373.116" errors="0">
  <testcase name="ToolsProductPage" time="373.116" classname="jenTest.ToolsSubProducts"/>
</testsuite> <!-- jenTest.ToolsSubProducts -->
