<?xml version="1.0" encoding="UTF-8"?>
<!-- Generated by org.testng.reporters.JUnitReportReporter -->
<testsuite hostname="sakthivel-PC" name="jenTest.Cladding" tests="6" failures="0" timestamp="10 May 2016 07:53:38 GMT" time="1730.681" errors="0">
  <testcase name="VgroovecladdingProducts" time="340.491" classname="jenTest.Cladding"/>
  <testcase name="StandardShiplapProducts" time="475.872" classname="jenTest.Cladding"/>
  <testcase name="FeatherEdgeSmoothProducts" time="79.154" classname="jenTest.Cladding"/>
  <testcase name="FeatherEdgeEMbossedcladdingProducts" time="286.236" classname="jenTest.Cladding"/>
  <testcase name="DoubleEMbossedcladdingProducts" time="289.428" classname="jenTest.Cladding"/>
  <testcase name="VgrooveEmbossedcladdingProducts" time="259.500" classname="jenTest.Cladding"/>
</testsuite> <!-- jenTest.Cladding -->
