<?xml version="1.0" encoding="UTF-8"?>
<!-- Generated by org.testng.reporters.JUnitReportReporter -->
<testsuite hostname="sakthivel-PC" name="jenTest.WaterButtsAccessories" tests="1" failures="0" timestamp="12 Apr 2016 13:52:02 GMT" time="29.787" errors="0">
  <testcase name="WaterButtsAccessoriesProducts" time="29.787" classname="jenTest.WaterButtsAccessories"/>
</testsuite> <!-- jenTest.WaterButtsAccessories -->
