<?xml version="1.0" encoding="UTF-8"?>
<!-- Generated by org.testng.reporters.JUnitReportReporter -->
<testsuite hostname="sakthivel-PC" name="jenTest.ToolsSubProducts" tests="1" failures="0" timestamp="4 May 2016 12:07:02 GMT" time="405.998" errors="0">
  <testcase name="ToolsProductPage" time="405.998" classname="jenTest.ToolsSubProducts"/>
</testsuite> <!-- jenTest.ToolsSubProducts -->
