<?xml version="1.0" encoding="UTF-8"?>
<!-- Generated by org.testng.reporters.JUnitReportReporter -->
<testsuite hostname="sakthivel-PC" name="jenTest.DownpipesHoppersSubproducts" tests="1" failures="0" timestamp="29 Feb 2016 08:55:57 GMT" time="97.561" errors="0">
  <testcase name="BlackpipesProducts" time="97.561" classname="jenTest.DownpipesHoppersSubproducts"/>
</testsuite> <!-- jenTest.DownpipesHoppersSubproducts -->
