<?xml version="1.0" encoding="UTF-8"?>
<!-- Generated by org.testng.reporters.JUnitReportReporter -->
<testsuite hostname="sakthivel-PC" name="jenTest.PlumbingWasteSubproducts" tests="10" failures="0" timestamp="9 May 2016 11:35:58 GMT" time="1932.969" errors="0">
  <testcase name="FourmmSolventWeldWasteMuPVCProductPage" time="262.368" classname="jenTest.PlumbingWasteSubproducts"/>
  <testcase name="WCPanConnectorsProducts" time="126.263" classname="jenTest.PlumbingWasteSubproducts"/>
  <testcase name="OverFlowSystemProducts" time="120.557" classname="jenTest.PlumbingWasteSubproducts"/>
  <testcase name="PushFitWasteSystemProducts" time="189.632" classname="jenTest.PlumbingWasteSubproducts"/>
  <testcase name="FivemmSolventWeldWasteMuPVCProductPage" time="254.505" classname="jenTest.PlumbingWasteSubproducts"/>
  <testcase name="FlexibleWastesAntiSyphonUnitsProducts" time="45.286" classname="jenTest.PlumbingWasteSubproducts"/>
  <testcase name="ThreemmSolventWeldWasteMuPVCProductPage" time="239.329" classname="jenTest.PlumbingWasteSubproducts"/>
  <testcase name="CondensateDrainageTrapsProducts" time="53.610" classname="jenTest.PlumbingWasteSubproducts"/>
  <testcase name="UniversalCompressionWasteProducts" time="132.862" classname="jenTest.PlumbingWasteSubproducts"/>
  <testcase name="WasteTrapsProducts" time="508.557" classname="jenTest.PlumbingWasteSubproducts"/>
</testsuite> <!-- jenTest.PlumbingWasteSubproducts -->
