<?xml version="1.0" encoding="UTF-8"?>
<!-- Generated by org.testng.reporters.JUnitReportReporter -->
<testsuite hostname="sakthivel-PC" name="jenTest.InternalCadding" tests="1" failures="0" timestamp="9 May 2016 10:37:52 GMT" time="185.273" errors="0">
  <testcase name="NeptuneWallCeilingCladdingProducts" time="185.273" classname="jenTest.InternalCadding"/>
</testsuite> <!-- jenTest.InternalCadding -->
