<?xml version="1.0" encoding="UTF-8"?>
<!-- Generated by org.testng.reporters.JUnitReportReporter -->
<testsuite hostname="sakthivel-PC" name="jenTest.SiliconesCleanersGlues" tests="4" failures="0" timestamp="5 May 2016 07:05:02 GMT" time="274.240" errors="0">
  <testcase name="SiliconesProducts" time="112.867" classname="jenTest.SiliconesCleanersGlues"/>
  <testcase name="CleanersProducts" time="61.124" classname="jenTest.SiliconesCleanersGlues"/>
  <testcase name="GluesAdhesivesProducts" time="54.569" classname="jenTest.SiliconesCleanersGlues"/>
  <testcase name="FoamsAndFillersProducts" time="45.680" classname="jenTest.SiliconesCleanersGlues"/>
</testsuite> <!-- jenTest.SiliconesCleanersGlues -->
