<?xml version="1.0" encoding="UTF-8"?>
<!-- Generated by org.testng.reporters.JUnitReportReporter -->
<testsuite hostname="sakthivel-PC" name="jenTest.DownpipesHoppersStandardHalfroundSubproducts" tests="13" failures="0" timestamp="10 May 2016 10:25:10 GMT" time="3031.988" errors="0">
  <testcase name="FourinchRoundPipeProducts" time="542.292" classname="jenTest.DownpipesHoppersStandardHalfroundSubproducts"/>
  <testcase name="FloplastRoundDownpipesProducts" time="61.022" classname="jenTest.DownpipesHoppersStandardHalfroundSubproducts"/>
  <testcase name="RoundDownpipesProducts" time="116.920" classname="jenTest.DownpipesHoppersStandardHalfroundSubproducts"/>
  <testcase name="BlackpipesProducts" time="67.303" classname="jenTest.DownpipesHoppersStandardHalfroundSubproducts"/>
  <testcase name="StandardSquarePipe65mmProducts" time="423.389" classname="jenTest.DownpipesHoppersStandardHalfroundSubproducts"/>
  <testcase name="RoofBalconyOutletsProducts" time="74.420" classname="jenTest.DownpipesHoppersStandardHalfroundSubproducts"/>
  <testcase name="TerrainPremiumDownpipeRangeProducts" time="323.948" classname="jenTest.DownpipesHoppersStandardHalfroundSubproducts"/>
  <testcase name="SquareDownpipesProducts" time="107.340" classname="jenTest.DownpipesHoppersStandardHalfroundSubproducts"/>
  <testcase name="MMRoundDownpipesProducts" time="191.021" classname="jenTest.DownpipesHoppersStandardHalfroundSubproducts"/>
  <testcase name="FloplastTradeDownpipeRangeProducts" time="133.616" classname="jenTest.DownpipesHoppersStandardHalfroundSubproducts"/>
  <testcase name="ThreeinchRoundPipeProducts" time="226.424" classname="jenTest.DownpipesHoppersStandardHalfroundSubproducts"/>
  <testcase name="CornicheSquarelineGutteringProducts" time="328.626" classname="jenTest.DownpipesHoppersStandardHalfroundSubproducts"/>
  <testcase name="StandardHalfRoundProducts" time="435.667" classname="jenTest.DownpipesHoppersStandardHalfroundSubproducts"/>
</testsuite> <!-- jenTest.DownpipesHoppersStandardHalfroundSubproducts -->
