<?xml version="1.0" encoding="UTF-8"?>
<!-- Generated by org.testng.reporters.JUnitReportReporter -->
<testsuite hostname="sakthivel-PC" name="jenTest.Cladding" tests="4" failures="0" timestamp="24 Mar 2016 11:36:31 GMT" time="1661.421" errors="0">
  <testcase name="StandardShiplapProducts" time="622.051" classname="jenTest.Cladding"/>
  <testcase name="FeatherEdgeSmoothProducts" time="114.162" classname="jenTest.Cladding"/>
  <testcase name="VgroovecladdingProducts" time="513.236" classname="jenTest.Cladding"/>
  <testcase name="EMbossedcladdingProducts" time="411.972" classname="jenTest.Cladding"/>
</testsuite> <!-- jenTest.Cladding -->
