<?xml version="1.0" encoding="UTF-8"?>
<!-- Generated by org.testng.reporters.JUnitReportReporter -->
<testsuite hostname="sakthivel-PC" name="jenTest.GroundGuardLawnPavingTile" tests="1" failures="0" timestamp="12 Apr 2016 13:53:24 GMT" time="9.663" errors="0">
  <testcase name="GroundGuardLawnPavingTileProducts" time="9.663" classname="jenTest.GroundGuardLawnPavingTile"/>
</testsuite> <!-- jenTest.GroundGuardLawnPavingTile -->
