<?xml version="1.0" encoding="UTF-8"?>
<!-- Generated by org.testng.reporters.JUnitReportReporter -->
<testsuite hostname="sakthivel-PC" name="jenTest.GutteringImitaionCastIron" tests="5" failures="0" timestamp="12 May 2016 08:40:46 GMT" time="590.154" errors="0">
  <testcase name="DeepCapacityRoundbyBrettMartinProducts" time="60.226" classname="jenTest.GutteringImitaionCastIron"/>
  <testcase name="MouldedOgeeGutterbyBrettMartinProducts" time="89.151" classname="jenTest.GutteringImitaionCastIron"/>
  <testcase name="IndustrialHalfRoundbyBrettMartinProducts" time="52.434" classname="jenTest.GutteringImitaionCastIron"/>
  <testcase name="EleganceCastIronSystembyPolypipeProducts" time="315.242" classname="jenTest.GutteringImitaionCastIron"/>
  <testcase name="StandardHalfRoundProducts" time="73.101" classname="jenTest.GutteringImitaionCastIron"/>
</testsuite> <!-- jenTest.GutteringImitaionCastIron -->
