<?xml version="1.0" encoding="UTF-8"?>
<!-- Generated by org.testng.reporters.JUnitReportReporter -->
<testsuite hostname="sakthivel-PC" name="jenTest.PlumbingWasteSubproducts" tests="1" failures="0" timestamp="1 Mar 2016 13:32:15 GMT" time="400.312" errors="0">
  <testcase name="FourmmSolventWeldWasteMuPVCProductPage" time="400.312" classname="jenTest.PlumbingWasteSubproducts"/>
</testsuite> <!-- jenTest.PlumbingWasteSubproducts -->
