<?xml version="1.0" encoding="UTF-8"?>
<!-- Generated by org.testng.reporters.JUnitReportReporter -->
<testsuite hostname="sakthivel-PC" name="jenTest.TerrainRoofBalconyOutletsproducts" tests="1" failures="0" timestamp="4 May 2016 07:34:26 GMT" time="72.755" errors="0">
  <testcase name="TerrainRoofBalconyOutletsProduct" time="72.755" classname="jenTest.TerrainRoofBalconyOutletsproducts"/>
</testsuite> <!-- jenTest.TerrainRoofBalconyOutletsproducts -->
