<?xml version="1.0" encoding="UTF-8"?>
<!-- Generated by org.testng.reporters.JUnitReportReporter -->
<testsuite hostname="sakthivel-PC" name="jenTest.TerrainRoofBalconyOutletsproducts" tests="1" failures="0" timestamp="3 May 2016 12:28:50 GMT" time="69.302" errors="0">
  <testcase name="TerrainRoofBalconyOutletsProduct" time="69.302" classname="jenTest.TerrainRoofBalconyOutletsproducts"/>
</testsuite> <!-- jenTest.TerrainRoofBalconyOutletsproducts -->
