<?xml version="1.0" encoding="UTF-8"?>
<!-- Generated by org.testng.reporters.JUnitReportReporter -->
<testsuite hostname="sakthivel-PC" name="jenTest.GroundGuardLawnPavingTile" tests="1" failures="0" timestamp="3 May 2016 11:53:42 GMT" time="16.332" errors="0">
  <testcase name="GroundGuardLawnPavingTileProducts" time="16.332" classname="jenTest.GroundGuardLawnPavingTile"/>
</testsuite> <!-- jenTest.GroundGuardLawnPavingTile -->
