<?xml version="1.0" encoding="UTF-8"?>
<!-- Generated by org.testng.reporters.JUnitReportReporter -->
<testsuite hostname="sakthivel-PC" name="jenTest.UnderGroundDrainageProducts" tests="4" failures="0" timestamp="3 May 2016 12:12:59 GMT" time="1007.408" errors="0">
  <testcase name="DrainageSundriesProducts" time="26.377" classname="jenTest.UnderGroundDrainageProducts"/>
  <testcase name="PolystormModularWaterStorageProducts" time="26.872" classname="jenTest.UnderGroundDrainageProducts"/>
  <testcase name="UnderGroundDrainageSubProduct" time="852.638" classname="jenTest.UnderGroundDrainageProducts"/>
  <testcase name="MMUnderGroundProducts" time="101.521" classname="jenTest.UnderGroundDrainageProducts"/>
</testsuite> <!-- jenTest.UnderGroundDrainageProducts -->
