<?xml version="1.0" encoding="UTF-8"?>
<!-- Generated by org.testng.reporters.JUnitReportReporter -->
<testsuite hostname="sakthivel-PC" name="jenTest.GutteringSubProducts" tests="1" failures="0" timestamp="23 Feb 2016 13:26:09 GMT" time="1110.405" errors="0">
  <testcase name="VictorianOgeeGutterinProducts" time="1110.405" classname="jenTest.GutteringSubProducts"/>
</testsuite> <!-- jenTest.GutteringSubProducts -->
