<?xml version="1.0" encoding="UTF-8"?>
<!-- Generated by org.testng.reporters.JUnitReportReporter -->
<testsuite hostname="sakthivel-PC" name="jenTest.Cladding" tests="6" failures="0" timestamp="6 May 2016 12:52:43 GMT" time="1933.188" errors="0">
  <testcase name="VgrooveEmbossedcladdingProducts" time="295.757" classname="jenTest.Cladding"/>
  <testcase name="FeatherEdgeSmoothProducts" time="80.224" classname="jenTest.Cladding"/>
  <testcase name="FeatherEdgeEMbossedcladdingProducts" time="328.325" classname="jenTest.Cladding"/>
  <testcase name="DoubleEMbossedcladdingProducts" time="343.163" classname="jenTest.Cladding"/>
  <testcase name="StandardShiplapProducts" time="527.218" classname="jenTest.Cladding"/>
  <testcase name="VgroovecladdingProducts" time="358.501" classname="jenTest.Cladding"/>
</testsuite> <!-- jenTest.Cladding -->
