<?xml version="1.0" encoding="UTF-8"?>
<!-- Generated by org.testng.reporters.JUnitReportReporter -->
<testsuite hostname="sakthivel-PC" name="jenTest.GroundGuardLawnPavingTile" tests="1" failures="0" timestamp="4 Apr 2016 07:35:39 GMT" time="9.184" errors="0">
  <testcase name="GroundGuardLawnPavingTileProducts" time="9.184" classname="jenTest.GroundGuardLawnPavingTile"/>
</testsuite> <!-- jenTest.GroundGuardLawnPavingTile -->
