<?xml version="1.0" encoding="UTF-8"?>
<!-- Generated by org.testng.reporters.JUnitReportReporter -->
<testsuite hostname="sakthivel-PC" name="jenTest.FasciaSubProducts" tests="14" failures="0" timestamp="10 May 2016 13:20:24 GMT" time="2548.121" errors="2">
  <testcase name="ChartwellGreenFasciaProducts" time="170.589" classname="jenTest.FasciaSubProducts"/>
  <testcase name="LightGreyFasciaProducts" time="182.264" classname="jenTest.FasciaSubProducts"/>
  <testcase name="AnthraciteWoodGreyFasciaProducts" time="16.883" classname="jenTest.FasciaSubProducts">
    <error type="org.openqa.selenium.WebDriverException" message="Element is not clickable at point (343.04998779296875, 37.46665954589844). Other element would receive the click: &lt;img id=&quot;img_rc_9865&quot; class=&quot;tr_all_hover img&quot; alt=&quot;175mm Capping Fascia (Anthracite Grey 7016 woodgrain)&quot; src=&quot;https://angelplastics.co.uk/application/images/Products/1422630769_CAP175G-web.jpg&quot; title=&quot;175mm Capping Fascia (Anthracite Grey 7016 woodgrain)&quot;&gt;
Command duration or timeout: 235 milliseconds
Build info: version: &#039;2.53.0&#039;, revision: &#039;35ae25b&#039;, time: &#039;2016-03-15 17:00:58&#039;
System info: host: &#039;sakthivel-PC&#039;, ip: &#039;172.16.11.74&#039;, os.name: &#039;Windows 7&#039;, os.arch: &#039;amd64&#039;, os.version: &#039;6.1&#039;, java.version: &#039;1.8.0_65&#039;
Driver info: org.openqa.selenium.firefox.FirefoxDriver
Capabilities [{applicationCacheEnabled=true, rotatable=false, handlesAlerts=true, databaseEnabled=true, version=46.0, platform=WINDOWS, nativeEvents=false, acceptSslCerts=true, webStorageEnabled=true, locationContextEnabled=true, browserName=firefox, takesScreenshot=true, javascriptEnabled=true, cssSelectorsEnabled=true}]
Session ID: 5a44cd77-9654-4ae5-81a3-98add77e5b27">
      <![CDATA[org.openqa.selenium.WebDriverException: Element is not clickable at point (343.04998779296875, 37.46665954589844). Other element would receive the click: <img id="img_rc_9865" class="tr_all_hover img" alt="175mm Capping Fascia (Anthracite Grey 7016 woodgrain)" src="https://angelplastics.co.uk/application/images/Products/1422630769_CAP175G-web.jpg" title="175mm Capping Fascia (Anthracite Grey 7016 woodgrain)">
Command duration or timeout: 235 milliseconds
Build info: version: '2.53.0', revision: '35ae25b', time: '2016-03-15 17:00:58'
System info: host: 'sakthivel-PC', ip: '172.16.11.74', os.name: 'Windows 7', os.arch: 'amd64', os.version: '6.1', java.version: '1.8.0_65'
Driver info: org.openqa.selenium.firefox.FirefoxDriver
Capabilities [{applicationCacheEnabled=true, rotatable=false, handlesAlerts=true, databaseEnabled=true, version=46.0, platform=WINDOWS, nativeEvents=false, acceptSslCerts=true, webStorageEnabled=true, locationContextEnabled=true, browserName=firefox, takesScreenshot=true, javascriptEnabled=true, cssSelectorsEnabled=true}]
Session ID: 5a44cd77-9654-4ae5-81a3-98add77e5b27
	at sun.reflect.NativeConstructorAccessorImpl.newInstance0(Native Method)
	at sun.reflect.NativeConstructorAccessorImpl.newInstance(NativeConstructorAccessorImpl.java:62)
	at sun.reflect.DelegatingConstructorAccessorImpl.newInstance(DelegatingConstructorAccessorImpl.java:45)
	at java.lang.reflect.Constructor.newInstance(Constructor.java:422)
	at org.openqa.selenium.remote.ErrorHandler.createThrowable(ErrorHandler.java:206)
	at org.openqa.selenium.remote.ErrorHandler.throwIfResponseFailed(ErrorHandler.java:158)
	at org.openqa.selenium.remote.RemoteWebDriver.execute(RemoteWebDriver.java:678)
	at org.openqa.selenium.remote.RemoteWebElement.execute(RemoteWebElement.java:327)
	at org.openqa.selenium.remote.RemoteWebElement.click(RemoteWebElement.java:85)
	at jenTest.FasciaSubProducts.AnthraciteWoodGreyFasciaProducts(FasciaSubProducts.java:361)
	at sun.reflect.NativeMethodAccessorImpl.invoke0(Native Method)
	at sun.reflect.NativeMethodAccessorImpl.invoke(NativeMethodAccessorImpl.java:62)
	at sun.reflect.DelegatingMethodAccessorImpl.invoke(DelegatingMethodAccessorImpl.java:43)
	at java.lang.reflect.Method.invoke(Method.java:497)
	at org.testng.internal.MethodInvocationHelper.invokeMethod(MethodInvocationHelper.java:85)
	at org.testng.internal.Invoker.invokeMethod(Invoker.java:639)
	at org.testng.internal.Invoker.invokeTestMethod(Invoker.java:816)
	at org.testng.internal.Invoker.invokeTestMethods(Invoker.java:1124)
	at org.testng.internal.TestMethodWorker.invokeTestMethods(TestMethodWorker.java:125)
	at org.testng.internal.TestMethodWorker.run(TestMethodWorker.java:108)
	at org.testng.TestRunner.privateRun(TestRunner.java:774)
	at org.testng.TestRunner.run(TestRunner.java:624)
	at org.testng.SuiteRunner.runTest(SuiteRunner.java:359)
	at org.testng.SuiteRunner.runSequentially(SuiteRunner.java:354)
	at org.testng.SuiteRunner.privateRun(SuiteRunner.java:312)
	at org.testng.SuiteRunner.run(SuiteRunner.java:261)
	at org.testng.SuiteRunnerWorker.runSuite(SuiteRunnerWorker.java:52)
	at org.testng.SuiteRunnerWorker.run(SuiteRunnerWorker.java:86)
	at org.testng.TestNG.runSuitesSequentially(TestNG.java:1215)
	at org.testng.TestNG.runSuitesLocally(TestNG.java:1140)
	at org.testng.TestNG.run(TestNG.java:1048)
	at org.testng.TestNG.privateMain(TestNG.java:1355)
	at org.testng.TestNG.main(TestNG.java:1324)
]]>
    </error>
  </testcase> <!-- AnthraciteWoodGreyFasciaProducts -->
  <testcase name="MahoganyFasciaProducts" time="223.961" classname="jenTest.FasciaSubProducts"/>
  <testcase name="CreamFasciaProducts" time="167.411" classname="jenTest.FasciaSubProducts"/>
  <testcase name="HazyGreyFasciaProducts" time="199.555" classname="jenTest.FasciaSubProducts"/>
  <testcase name="WhiteFasciaProducts" time="413.057" classname="jenTest.FasciaSubProducts"/>
  <testcase name="BlackFasciaProducts" time="405.468" classname="jenTest.FasciaSubProducts"/>
  <testcase name="ThickFlatTudorBoardProducts" time="31.551" classname="jenTest.FasciaSubProducts"/>
  <testcase name="IrishOakFasciaProducts" time="157.954" classname="jenTest.FasciaSubProducts"/>
  <testcase name="GoldenOakFasciaProducts" time="218.817" classname="jenTest.FasciaSubProducts"/>
  <testcase name="MBossFasciaProducts" time="90.872" classname="jenTest.FasciaSubProducts"/>
  <testcase name="AnthraciteGreyFasciaProducts" time="22.478" classname="jenTest.FasciaSubProducts">
    <error type="org.openqa.selenium.WebDriverException" message="Element is not clickable at point (343.04998779296875, 37.46665954589844). Other element would receive the click: &lt;img id=&quot;img_rc_7008&quot; class=&quot;tr_all_hover img&quot; alt=&quot;175mm Capping Fascia Board (Anthracite Grey 7016 Gloss)&quot; src=&quot;https://angelplastics.co.uk/application/images/Products/1362689763_CAPGG-web.jpg&quot; title=&quot;175mm Capping Fascia Board (Anthracite Grey 7016 Gloss)&quot;&gt;
Command duration or timeout: 189 milliseconds
Build info: version: &#039;2.53.0&#039;, revision: &#039;35ae25b&#039;, time: &#039;2016-03-15 17:00:58&#039;
System info: host: &#039;sakthivel-PC&#039;, ip: &#039;172.16.11.74&#039;, os.name: &#039;Windows 7&#039;, os.arch: &#039;amd64&#039;, os.version: &#039;6.1&#039;, java.version: &#039;1.8.0_65&#039;
Driver info: org.openqa.selenium.firefox.FirefoxDriver
Capabilities [{applicationCacheEnabled=true, rotatable=false, handlesAlerts=true, databaseEnabled=true, version=46.0, platform=WINDOWS, nativeEvents=false, acceptSslCerts=true, webStorageEnabled=true, locationContextEnabled=true, browserName=firefox, takesScreenshot=true, javascriptEnabled=true, cssSelectorsEnabled=true}]
Session ID: 5a44cd77-9654-4ae5-81a3-98add77e5b27">
      <![CDATA[org.openqa.selenium.WebDriverException: Element is not clickable at point (343.04998779296875, 37.46665954589844). Other element would receive the click: <img id="img_rc_7008" class="tr_all_hover img" alt="175mm Capping Fascia Board (Anthracite Grey 7016 Gloss)" src="https://angelplastics.co.uk/application/images/Products/1362689763_CAPGG-web.jpg" title="175mm Capping Fascia Board (Anthracite Grey 7016 Gloss)">
Command duration or timeout: 189 milliseconds
Build info: version: '2.53.0', revision: '35ae25b', time: '2016-03-15 17:00:58'
System info: host: 'sakthivel-PC', ip: '172.16.11.74', os.name: 'Windows 7', os.arch: 'amd64', os.version: '6.1', java.version: '1.8.0_65'
Driver info: org.openqa.selenium.firefox.FirefoxDriver
Capabilities [{applicationCacheEnabled=true, rotatable=false, handlesAlerts=true, databaseEnabled=true, version=46.0, platform=WINDOWS, nativeEvents=false, acceptSslCerts=true, webStorageEnabled=true, locationContextEnabled=true, browserName=firefox, takesScreenshot=true, javascriptEnabled=true, cssSelectorsEnabled=true}]
Session ID: 5a44cd77-9654-4ae5-81a3-98add77e5b27
	at sun.reflect.NativeConstructorAccessorImpl.newInstance0(Native Method)
	at sun.reflect.NativeConstructorAccessorImpl.newInstance(NativeConstructorAccessorImpl.java:62)
	at sun.reflect.DelegatingConstructorAccessorImpl.newInstance(DelegatingConstructorAccessorImpl.java:45)
	at java.lang.reflect.Constructor.newInstance(Constructor.java:422)
	at org.openqa.selenium.remote.ErrorHandler.createThrowable(ErrorHandler.java:206)
	at org.openqa.selenium.remote.ErrorHandler.throwIfResponseFailed(ErrorHandler.java:158)
	at org.openqa.selenium.remote.RemoteWebDriver.execute(RemoteWebDriver.java:678)
	at org.openqa.selenium.remote.RemoteWebElement.execute(RemoteWebElement.java:327)
	at org.openqa.selenium.remote.RemoteWebElement.click(RemoteWebElement.java:85)
	at jenTest.FasciaSubProducts.AnthraciteGreyFasciaProducts(FasciaSubProducts.java:310)
	at sun.reflect.NativeMethodAccessorImpl.invoke0(Native Method)
	at sun.reflect.NativeMethodAccessorImpl.invoke(NativeMethodAccessorImpl.java:62)
	at sun.reflect.DelegatingMethodAccessorImpl.invoke(DelegatingMethodAccessorImpl.java:43)
	at java.lang.reflect.Method.invoke(Method.java:497)
	at org.testng.internal.MethodInvocationHelper.invokeMethod(MethodInvocationHelper.java:85)
	at org.testng.internal.Invoker.invokeMethod(Invoker.java:639)
	at org.testng.internal.Invoker.invokeTestMethod(Invoker.java:816)
	at org.testng.internal.Invoker.invokeTestMethods(Invoker.java:1124)
	at org.testng.internal.TestMethodWorker.invokeTestMethods(TestMethodWorker.java:125)
	at org.testng.internal.TestMethodWorker.run(TestMethodWorker.java:108)
	at org.testng.TestRunner.privateRun(TestRunner.java:774)
	at org.testng.TestRunner.run(TestRunner.java:624)
	at org.testng.SuiteRunner.runTest(SuiteRunner.java:359)
	at org.testng.SuiteRunner.runSequentially(SuiteRunner.java:354)
	at org.testng.SuiteRunner.privateRun(SuiteRunner.java:312)
	at org.testng.SuiteRunner.run(SuiteRunner.java:261)
	at org.testng.SuiteRunnerWorker.runSuite(SuiteRunnerWorker.java:52)
	at org.testng.SuiteRunnerWorker.run(SuiteRunnerWorker.java:86)
	at org.testng.TestNG.runSuitesSequentially(TestNG.java:1215)
	at org.testng.TestNG.runSuitesLocally(TestNG.java:1140)
	at org.testng.TestNG.run(TestNG.java:1048)
	at org.testng.TestNG.privateMain(TestNG.java:1355)
	at org.testng.TestNG.main(TestNG.java:1324)
]]>
    </error>
  </testcase> <!-- AnthraciteGreyFasciaProducts -->
  <testcase name="RosewoodFasciaProducts" time="247.261" classname="jenTest.FasciaSubProducts"/>
</testsuite> <!-- jenTest.FasciaSubProducts -->
